{"/home/travis/build/npmtest/node-npmtest-pikaday/test.js":{"path":"/home/travis/build/npmtest/node-npmtest-pikaday/test.js","s":{"1":2,"2":2,"3":2,"4":2,"5":2,"6":2,"7":2,"8":1,"9":2,"10":2,"11":1,"12":1,"13":1,"14":1,"15":2,"16":2,"17":2,"18":2,"19":1,"20":1,"21":2,"22":2,"23":2,"24":1,"25":1,"26":1,"27":1,"28":1,"29":1,"30":1,"31":1,"32":1,"33":1,"34":1,"35":1,"36":1,"37":2,"38":2,"39":1,"40":2,"41":2,"42":1,"43":2,"44":2,"45":1,"46":2,"47":2,"48":1,"49":1,"50":1,"51":1,"52":1},"b":{"1":[2,1,1,1],"2":[1,1,1,1],"3":[1,1],"4":[1,1],"5":[1,1],"6":[1,1],"7":[1,1],"8":[1,1],"9":[1,1,1],"10":[1,1],"11":[1,1],"12":[1,1],"13":[1,1],"14":[1,1],"15":[1,1],"16":[1,1]},"f":{"1":2,"2":2,"3":2,"4":2,"5":2,"6":1,"7":1,"8":2,"9":2,"10":2,"11":2,"12":1},"fnMap":{"1":{"name":"(anonymous_1)","line":12,"loc":{"start":{"line":12,"column":1},"end":{"line":12,"column":13}}},"2":{"name":"(anonymous_2)","line":19,"loc":{"start":{"line":19,"column":5},"end":{"line":19,"column":17}}},"3":{"name":"(anonymous_3)","line":23,"loc":{"start":{"line":23,"column":24},"end":{"line":23,"column":36}}},"4":{"name":"(anonymous_4)","line":61,"loc":{"start":{"line":61,"column":5},"end":{"line":61,"column":17}}},"5":{"name":"(anonymous_5)","line":82,"loc":{"start":{"line":82,"column":5},"end":{"line":82,"column":17}}},"6":{"name":"(anonymous_6)","line":102,"loc":{"start":{"line":102,"column":83},"end":{"line":105,"column":10}},"skip":true},"7":{"name":"(anonymous_7)","line":113,"loc":{"start":{"line":113,"column":77},"end":{"line":116,"column":10}},"skip":true},"8":{"name":"(anonymous_8)","line":129,"loc":{"start":{"line":129,"column":12},"end":{"line":129,"column":40}},"skip":true},"9":{"name":"(anonymous_9)","line":137,"loc":{"start":{"line":137,"column":77},"end":{"line":140,"column":10}},"skip":true},"10":{"name":"(anonymous_10)","line":148,"loc":{"start":{"line":148,"column":83},"end":{"line":151,"column":10}},"skip":true},"11":{"name":"(anonymous_11)","line":159,"loc":{"start":{"line":159,"column":79},"end":{"line":162,"column":10}},"skip":true},"12":{"name":"(anonymous_12)","line":170,"loc":{"start":{"line":170,"column":75},"end":{"line":173,"column":10}},"skip":true}},"statementMap":{"1":{"start":{"line":12,"column":0},"end":{"line":185,"column":5}},"2":{"start":{"line":14,"column":4},"end":{"line":14,"column":14}},"3":{"start":{"line":19,"column":4},"end":{"line":56,"column":9}},"4":{"start":{"line":21,"column":8},"end":{"line":21,"column":19}},"5":{"start":{"line":23,"column":8},"end":{"line":35,"column":13}},"6":{"start":{"line":24,"column":12},"end":{"line":34,"column":13}},"7":{"start":{"line":25,"column":16},"end":{"line":28,"column":30}},"8":{"start":{"line":30,"column":16},"end":{"line":33,"column":27}},"9":{"start":{"line":37,"column":8},"end":{"line":39,"column":21}},"10":{"start":{"line":40,"column":8},"end":{"line":53,"column":9}},"11":{"start":{"line":43,"column":12},"end":{"line":46,"column":14}},"12":{"start":{"line":47,"column":12},"end":{"line":47,"column":18}},"13":{"start":{"line":50,"column":12},"end":{"line":51,"column":46}},"14":{"start":{"line":52,"column":12},"end":{"line":52,"column":18}},"15":{"start":{"line":55,"column":8},"end":{"line":55,"column":35}},"16":{"start":{"line":61,"column":4},"end":{"line":63,"column":9}},"17":{"start":{"line":62,"column":8},"end":{"line":62,"column":15}},"18":{"start":{"line":64,"column":4},"end":{"line":77,"column":5}},"19":{"start":{"line":70,"column":8},"end":{"line":70,"column":14}},"20":{"start":{"line":76,"column":8},"end":{"line":76,"column":14}},"21":{"start":{"line":82,"column":4},"end":{"line":84,"column":9}},"22":{"start":{"line":83,"column":8},"end":{"line":83,"column":15}},"23":{"start":{"line":85,"column":4},"end":{"line":184,"column":5}},"24":{"start":{"line":92,"column":8},"end":{"line":94,"column":63}},"25":{"start":{"line":95,"column":8},"end":{"line":95,"column":14}},"26":{"start":{"line":102,"column":8},"end":{"line":111,"column":10},"skip":true},"27":{"start":{"line":109,"column":12},"end":{"line":109,"column":55},"skip":true},"28":{"start":{"line":110,"column":12},"end":{"line":110,"column":48},"skip":true},"29":{"start":{"line":113,"column":8},"end":{"line":126,"column":10},"skip":true},"30":{"start":{"line":120,"column":12},"end":{"line":120,"column":76},"skip":true},"31":{"start":{"line":121,"column":12},"end":{"line":121,"column":73},"skip":true},"32":{"start":{"line":122,"column":12},"end":{"line":122,"column":74},"skip":true},"33":{"start":{"line":123,"column":12},"end":{"line":123,"column":79},"skip":true},"34":{"start":{"line":124,"column":12},"end":{"line":124,"column":25},"skip":true},"35":{"start":{"line":125,"column":12},"end":{"line":125,"column":45},"skip":true},"36":{"start":{"line":128,"column":8},"end":{"line":135,"column":14},"skip":true},"37":{"start":{"line":133,"column":16},"end":{"line":133,"column":29},"skip":true},"38":{"start":{"line":134,"column":16},"end":{"line":134,"column":55},"skip":true},"39":{"start":{"line":137,"column":8},"end":{"line":146,"column":10},"skip":true},"40":{"start":{"line":144,"column":12},"end":{"line":144,"column":25},"skip":true},"41":{"start":{"line":145,"column":12},"end":{"line":145,"column":45},"skip":true},"42":{"start":{"line":148,"column":8},"end":{"line":157,"column":10},"skip":true},"43":{"start":{"line":155,"column":12},"end":{"line":155,"column":25},"skip":true},"44":{"start":{"line":156,"column":12},"end":{"line":156,"column":48},"skip":true},"45":{"start":{"line":159,"column":8},"end":{"line":168,"column":10},"skip":true},"46":{"start":{"line":166,"column":12},"end":{"line":166,"column":25},"skip":true},"47":{"start":{"line":167,"column":12},"end":{"line":167,"column":46},"skip":true},"48":{"start":{"line":170,"column":8},"end":{"line":179,"column":10},"skip":true},"49":{"start":{"line":177,"column":12},"end":{"line":177,"column":94},"skip":true},"50":{"start":{"line":178,"column":12},"end":{"line":178,"column":48},"skip":true},"51":{"start":{"line":182,"column":8},"end":{"line":182,"column":35},"skip":true},"52":{"start":{"line":183,"column":8},"end":{"line":183,"column":14},"skip":true}},"branchMap":{"1":{"line":25,"type":"binary-expr","locations":[{"start":{"line":25,"column":23},"end":{"line":25,"column":62}},{"start":{"line":26,"column":20},"end":{"line":26,"column":70}},{"start":{"line":27,"column":20},"end":{"line":27,"column":71}},{"start":{"line":28,"column":20},"end":{"line":28,"column":29}}]},"2":{"line":30,"type":"binary-expr","locations":[{"start":{"line":30,"column":23},"end":{"line":30,"column":37}},{"start":{"line":31,"column":20},"end":{"line":31,"column":61}},{"start":{"line":32,"column":20},"end":{"line":32,"column":70}},{"start":{"line":33,"column":20},"end":{"line":33,"column":26}}]},"3":{"line":37,"type":"cond-expr","locations":[{"start":{"line":38,"column":14},"end":{"line":38,"column":20}},{"start":{"line":39,"column":14},"end":{"line":39,"column":20}}]},"4":{"line":40,"type":"switch","locations":[{"start":{"line":42,"column":8},"end":{"line":47,"column":18}},{"start":{"line":49,"column":8},"end":{"line":52,"column":18}}]},"5":{"line":44,"type":"binary-expr","locations":[{"start":{"line":44,"column":16},"end":{"line":44,"column":44}},{"start":{"line":44,"column":48},"end":{"line":44,"column":66}}]},"6":{"line":50,"type":"binary-expr","locations":[{"start":{"line":50,"column":21},"end":{"line":50,"column":49}},{"start":{"line":50,"column":53},"end":{"line":50,"column":72}}]},"7":{"line":64,"type":"switch","locations":[{"start":{"line":69,"column":4},"end":{"line":70,"column":14}},{"start":{"line":75,"column":4},"end":{"line":76,"column":14}}]},"8":{"line":85,"type":"switch","locations":[{"start":{"line":90,"column":4},"end":{"line":95,"column":14}},{"start":{"line":101,"column":4},"end":{"line":183,"column":14},"skip":true}]},"9":{"line":92,"type":"binary-expr","locations":[{"start":{"line":92,"column":18},"end":{"line":92,"column":32}},{"start":{"line":93,"column":12},"end":{"line":93,"column":53}},{"start":{"line":94,"column":12},"end":{"line":94,"column":61}}]},"10":{"line":102,"type":"binary-expr","locations":[{"start":{"line":102,"column":45},"end":{"line":102,"column":79},"skip":true},{"start":{"line":102,"column":83},"end":{"line":111,"column":9},"skip":true}]},"11":{"line":113,"type":"binary-expr","locations":[{"start":{"line":113,"column":42},"end":{"line":113,"column":73},"skip":true},{"start":{"line":113,"column":77},"end":{"line":126,"column":9},"skip":true}]},"12":{"line":128,"type":"binary-expr","locations":[{"start":{"line":128,"column":48},"end":{"line":128,"column":85},"skip":true},{"start":{"line":129,"column":12},"end":{"line":135,"column":13},"skip":true}]},"13":{"line":137,"type":"binary-expr","locations":[{"start":{"line":137,"column":42},"end":{"line":137,"column":73},"skip":true},{"start":{"line":137,"column":77},"end":{"line":146,"column":9},"skip":true}]},"14":{"line":148,"type":"binary-expr","locations":[{"start":{"line":148,"column":45},"end":{"line":148,"column":79},"skip":true},{"start":{"line":148,"column":83},"end":{"line":157,"column":9},"skip":true}]},"15":{"line":159,"type":"binary-expr","locations":[{"start":{"line":159,"column":43},"end":{"line":159,"column":75},"skip":true},{"start":{"line":159,"column":79},"end":{"line":168,"column":9},"skip":true}]},"16":{"line":170,"type":"binary-expr","locations":[{"start":{"line":170,"column":41},"end":{"line":170,"column":71},"skip":true},{"start":{"line":170,"column":75},"end":{"line":179,"column":9},"skip":true}]}},"code":["/* istanbul instrument in package npmtest_pikaday */","/*jslint","    bitwise: true,","    browser: true,","    maxerr: 8,","    maxlen: 96,","    node: true,","    nomen: true,","    regexp: true,","    stupid: true","*/","(function () {","    'use strict';","    var local;","","","","    // run shared js-env code - pre-init","    (function () {","        // init local","        local = {};","        // init modeJs","        local.modeJs = (function () {","            try {","                return typeof navigator.userAgent === 'string' &&","                    typeof document.querySelector('body') === 'object' &&","                    typeof XMLHttpRequest.prototype.open === 'function' &&","                    'browser';","            } catch (errorCaughtBrowser) {","                return module.exports &&","                    typeof process.versions.node === 'string' &&","                    typeof require('http').createServer === 'function' &&","                    'node';","            }","        }());","        // init global","        local.global = local.modeJs === 'browser'","            ? window","            : global;","        switch (local.modeJs) {","        // re-init local from window.local","        case 'browser':","            local = local.global.utility2.objectSetDefault(","                local.global.utility2_rollup || local.global.local,","                local.global.utility2","            );","            break;","        // re-init local from example.js","        case 'node':","            local = (local.global.utility2_rollup || require('utility2'))","                .requireExampleJsFromReadme();","            break;","        }","        // export local","        local.global.local = local;","    }());","","","","    // run shared js-env code - function","    (function () {","        return;","    }());","    switch (local.modeJs) {","","","","    // run browser js-env code - function","    case 'browser':","        break;","","","","    // run node js-env code - function","    case 'node':","        break;","    }","","","","    // run shared js-env code - post-init","    (function () {","        return;","    }());","    switch (local.modeJs) {","","","","    // run browser js-env code - post-init","    case 'browser':","        // run tests","        local.nop(local.modeTest &&","            document.querySelector('#testRunButton1') &&","            document.querySelector('#testRunButton1').click());","        break;","","","","    // run node js-env code - post-init","    /* istanbul ignore next */","    case 'node':","        local.testCase_buildApidoc_default = local.testCase_buildApidoc_default || function (","            options,","            onError","        ) {","        /*","         * this function will test buildApidoc's default handling-behavior-behavior","         */","            options = { modulePathList: module.paths };","            local.buildApidoc(options, onError);","        };","","        local.testCase_buildApp_default = local.testCase_buildApp_default || function (","            options,","            onError","        ) {","        /*","         * this function will test buildApp's default handling-behavior-behavior","         */","            local.testCase_buildReadme_default(options, local.onErrorThrow);","            local.testCase_buildLib_default(options, local.onErrorThrow);","            local.testCase_buildTest_default(options, local.onErrorThrow);","            local.testCase_buildCustomOrg_default(options, local.onErrorThrow);","            options = [];","            local.buildApp(options, onError);","        };","","        local.testCase_buildCustomOrg_default = local.testCase_buildCustomOrg_default ||","            function (options, onError) {","            /*","             * this function will test buildCustomOrg's default handling-behavior","             */","                options = {};","                local.buildCustomOrg(options, onError);","            };","","        local.testCase_buildLib_default = local.testCase_buildLib_default || function (","            options,","            onError","        ) {","        /*","         * this function will test buildLib's default handling-behavior","         */","            options = {};","            local.buildLib(options, onError);","        };","","        local.testCase_buildReadme_default = local.testCase_buildReadme_default || function (","            options,","            onError","        ) {","        /*","         * this function will test buildReadme's default handling-behavior-behavior","         */","            options = {};","            local.buildReadme(options, onError);","        };","","        local.testCase_buildTest_default = local.testCase_buildTest_default || function (","            options,","            onError","        ) {","        /*","         * this function will test buildTest's default handling-behavior","         */","            options = {};","            local.buildTest(options, onError);","        };","","        local.testCase_webpage_default = local.testCase_webpage_default || function (","            options,","            onError","        ) {","        /*","         * this function will test webpage's default handling-behavior","         */","            options = { modeCoverageMerge: true, url: local.serverLocalHost + '?modeTest=1' };","            local.browserTest(options, onError);","        };","","        // run test-server","        local.testRunServer(local);","        break;","    }","}());",""],"l":{"12":2,"14":2,"19":2,"21":2,"23":2,"24":2,"25":2,"30":1,"37":2,"40":2,"43":1,"47":1,"50":1,"52":1,"55":2,"61":2,"62":2,"64":2,"70":1,"76":1,"82":2,"83":2,"85":2,"92":1,"95":1,"102":1,"109":1,"110":1,"113":1,"120":1,"121":1,"122":1,"123":1,"124":1,"125":1,"128":1,"133":2,"134":2,"137":1,"144":2,"145":2,"148":1,"155":2,"156":2,"159":1,"166":2,"167":2,"170":1,"177":1,"178":1,"182":1,"183":1}},"/home/travis/build/npmtest/node-npmtest-pikaday/lib.npmtest_pikaday.js":{"path":"/home/travis/build/npmtest/node-npmtest-pikaday/lib.npmtest_pikaday.js","s":{"1":2,"2":2,"3":2,"4":2,"5":2,"6":2,"7":2,"8":1,"9":2,"10":2,"11":2,"12":2,"13":1,"14":1,"15":1,"16":1},"b":{"1":[2,1,1,1],"2":[1,1,1,1],"3":[1,1],"4":[2,2],"5":[1,1]},"f":{"1":2,"2":2,"3":2},"fnMap":{"1":{"name":"(anonymous_1)","line":12,"loc":{"start":{"line":12,"column":1},"end":{"line":12,"column":13}}},"2":{"name":"(anonymous_2)","line":19,"loc":{"start":{"line":19,"column":5},"end":{"line":19,"column":17}}},"3":{"name":"(anonymous_3)","line":23,"loc":{"start":{"line":23,"column":24},"end":{"line":23,"column":36}}}},"statementMap":{"1":{"start":{"line":12,"column":0},"end":{"line":53,"column":5}},"2":{"start":{"line":14,"column":4},"end":{"line":14,"column":14}},"3":{"start":{"line":19,"column":4},"end":{"line":52,"column":9}},"4":{"start":{"line":21,"column":8},"end":{"line":21,"column":19}},"5":{"start":{"line":23,"column":8},"end":{"line":35,"column":13}},"6":{"start":{"line":24,"column":12},"end":{"line":34,"column":13}},"7":{"start":{"line":25,"column":16},"end":{"line":28,"column":30}},"8":{"start":{"line":30,"column":16},"end":{"line":33,"column":27}},"9":{"start":{"line":37,"column":8},"end":{"line":39,"column":21}},"10":{"start":{"line":41,"column":8},"end":{"line":41,"column":54}},"11":{"start":{"line":43,"column":8},"end":{"line":43,"column":52}},"12":{"start":{"line":45,"column":8},"end":{"line":51,"column":9}},"13":{"start":{"line":46,"column":12},"end":{"line":46,"column":58}},"14":{"start":{"line":48,"column":12},"end":{"line":48,"column":35}},"15":{"start":{"line":49,"column":12},"end":{"line":49,"column":49}},"16":{"start":{"line":50,"column":12},"end":{"line":50,"column":43}}},"branchMap":{"1":{"line":25,"type":"binary-expr","locations":[{"start":{"line":25,"column":23},"end":{"line":25,"column":62}},{"start":{"line":26,"column":20},"end":{"line":26,"column":70}},{"start":{"line":27,"column":20},"end":{"line":27,"column":71}},{"start":{"line":28,"column":20},"end":{"line":28,"column":29}}]},"2":{"line":30,"type":"binary-expr","locations":[{"start":{"line":30,"column":23},"end":{"line":30,"column":37}},{"start":{"line":31,"column":20},"end":{"line":31,"column":61}},{"start":{"line":32,"column":20},"end":{"line":32,"column":70}},{"start":{"line":33,"column":20},"end":{"line":33,"column":26}}]},"3":{"line":37,"type":"cond-expr","locations":[{"start":{"line":38,"column":14},"end":{"line":38,"column":20}},{"start":{"line":39,"column":14},"end":{"line":39,"column":20}}]},"4":{"line":41,"type":"binary-expr","locations":[{"start":{"line":41,"column":16},"end":{"line":41,"column":44}},{"start":{"line":41,"column":48},"end":{"line":41,"column":53}}]},"5":{"line":45,"type":"if","locations":[{"start":{"line":45,"column":8},"end":{"line":45,"column":8}},{"start":{"line":45,"column":8},"end":{"line":45,"column":8}}]}},"code":["/* istanbul instrument in package npmtest_pikaday */","/*jslint","    bitwise: true,","    browser: true,","    maxerr: 8,","    maxlen: 96,","    node: true,","    nomen: true,","    regexp: true,","    stupid: true","*/","(function () {","    'use strict';","    var local;","","","","    // run shared js-env code - pre-init","    (function () {","        // init local","        local = {};","        // init modeJs","        local.modeJs = (function () {","            try {","                return typeof navigator.userAgent === 'string' &&","                    typeof document.querySelector('body') === 'object' &&","                    typeof XMLHttpRequest.prototype.open === 'function' &&","                    'browser';","            } catch (errorCaughtBrowser) {","                return module.exports &&","                    typeof process.versions.node === 'string' &&","                    typeof require('http').createServer === 'function' &&","                    'node';","            }","        }());","        // init global","        local.global = local.modeJs === 'browser'","            ? window","            : global;","        // init utility2_rollup","        local = local.global.utility2_rollup || local;","        // init lib","        local.local = local.npmtest_pikaday = local;","        // init exports","        if (local.modeJs === 'browser') {","            local.global.utility2_npmtest_pikaday = local;","        } else {","            module.exports = local;","            module.exports.__dirname = __dirname;","            module.exports.module = module;","        }","    }());","}());",""],"l":{"12":2,"14":2,"19":2,"21":2,"23":2,"24":2,"25":2,"30":1,"37":2,"41":2,"43":2,"45":2,"46":1,"48":1,"49":1,"50":1}},"/home/travis/build/npmtest/node-npmtest-pikaday/example.js":{"path":"/home/travis/build/npmtest/node-npmtest-pikaday/example.js","s":{"1":2,"2":2,"3":2,"4":2,"5":2,"6":2,"7":2,"8":1,"9":2,"10":2,"11":2,"12":2,"13":1,"14":2,"15":2,"16":2,"17":2,"18":2,"19":0,"20":2,"21":1,"22":1,"23":1,"24":1,"25":1,"26":0,"27":0,"28":1,"29":1,"30":2,"31":0,"32":0,"33":0,"34":1,"35":2,"36":2,"37":2,"38":2,"39":2,"40":2,"41":0,"42":2,"43":2,"44":2,"45":1,"46":3,"47":1,"48":1,"49":1,"50":1,"51":1,"52":1,"53":1,"54":1,"55":1,"56":1,"57":0,"58":1,"59":6,"60":6,"61":1,"62":2,"63":0,"64":2,"65":1,"66":1,"67":0,"68":0,"69":0,"70":0,"71":0,"72":0,"73":0,"74":0,"75":0,"76":0,"77":0,"78":0,"79":0,"80":0,"81":0,"82":0,"83":0},"b":{"1":[2,1,1,1],"2":[1,1,1,1],"3":[1,1],"4":[2,2],"5":[1,1],"6":[1,1],"7":[2,0],"8":[2,1,1,1,1,1],"9":[0,2,0],"10":[1,1],"11":[2,1,1],"12":[1,0],"13":[0,2],"14":[2,0,0,0,0,0,0],"15":[0,2],"16":[2,0],"17":[1,1],"18":[0,1],"19":[1,2,0,2],"20":[1,0],"21":[1,1],"22":[0,0],"23":[0,0],"24":[0,0],"25":[0,0],"26":[0,0],"27":[0,0],"28":[0,0]},"f":{"1":2,"2":2,"3":2,"4":2,"5":2,"6":2,"7":2,"8":2,"9":3,"10":1,"11":6,"12":0},"fnMap":{"1":{"name":"(anonymous_1)","line":26,"loc":{"start":{"line":26,"column":1},"end":{"line":26,"column":13}}},"2":{"name":"(anonymous_2)","line":33,"loc":{"start":{"line":33,"column":5},"end":{"line":33,"column":17}}},"3":{"name":"(anonymous_3)","line":37,"loc":{"start":{"line":37,"column":24},"end":{"line":37,"column":36}}},"4":{"name":"(anonymous_4)","line":69,"loc":{"start":{"line":69,"column":31},"end":{"line":69,"column":48}},"skip":true},"5":{"name":"(anonymous_5)","line":78,"loc":{"start":{"line":78,"column":26},"end":{"line":78,"column":45}},"skip":true},"6":{"name":"(anonymous_6)","line":123,"loc":{"start":{"line":123,"column":33},"end":{"line":123,"column":48}},"skip":true},"7":{"name":"(anonymous_7)","line":125,"loc":{"start":{"line":125,"column":27},"end":{"line":125,"column":39}},"skip":true},"8":{"name":"(anonymous_8)","line":133,"loc":{"start":{"line":133,"column":59},"end":{"line":133,"column":74}},"skip":true},"9":{"name":"(anonymous_9)","line":143,"loc":{"start":{"line":143,"column":45},"end":{"line":143,"column":62}},"skip":true},"10":{"name":"(anonymous_10)","line":144,"loc":{"start":{"line":144,"column":73},"end":{"line":144,"column":92}},"skip":true},"11":{"name":"(anonymous_11)","line":272,"loc":{"start":{"line":272,"column":51},"end":{"line":272,"column":77}},"skip":true},"12":{"name":"(anonymous_12)","line":314,"loc":{"start":{"line":314,"column":32},"end":{"line":314,"column":61}},"skip":true}},"statementMap":{"1":{"start":{"line":26,"column":0},"end":{"line":325,"column":5}},"2":{"start":{"line":28,"column":4},"end":{"line":28,"column":14}},"3":{"start":{"line":33,"column":4},"end":{"line":60,"column":9}},"4":{"start":{"line":35,"column":8},"end":{"line":35,"column":19}},"5":{"start":{"line":37,"column":8},"end":{"line":49,"column":13}},"6":{"start":{"line":38,"column":12},"end":{"line":48,"column":13}},"7":{"start":{"line":39,"column":16},"end":{"line":42,"column":30}},"8":{"start":{"line":44,"column":16},"end":{"line":47,"column":27}},"9":{"start":{"line":51,"column":8},"end":{"line":53,"column":21}},"10":{"start":{"line":55,"column":8},"end":{"line":57,"column":45}},"11":{"start":{"line":59,"column":8},"end":{"line":59,"column":35}},"12":{"start":{"line":61,"column":4},"end":{"line":324,"column":5}},"13":{"start":{"line":69,"column":8},"end":{"line":121,"column":10},"skip":true},"14":{"start":{"line":70,"column":12},"end":{"line":88,"column":13},"skip":true},"15":{"start":{"line":76,"column":16},"end":{"line":87,"column":19},"skip":true},"16":{"start":{"line":79,"column":20},"end":{"line":86,"column":21},"skip":true},"17":{"start":{"line":82,"column":24},"end":{"line":82,"column":43},"skip":true},"18":{"start":{"line":83,"column":24},"end":{"line":83,"column":30},"skip":true},"19":{"start":{"line":85,"column":24},"end":{"line":85,"column":49},"skip":true},"20":{"start":{"line":89,"column":12},"end":{"line":107,"column":13},"skip":true},"21":{"start":{"line":92,"column":16},"end":{"line":102,"column":17},"skip":true},"22":{"start":{"line":93,"column":20},"end":{"line":93,"column":86},"skip":true},"23":{"start":{"line":94,"column":20},"end":{"line":95,"column":45},"skip":true},"24":{"start":{"line":96,"column":20},"end":{"line":96,"column":42},"skip":true},"25":{"start":{"line":97,"column":20},"end":{"line":97,"column":48},"skip":true},"26":{"start":{"line":100,"column":20},"end":{"line":100,"column":85},"skip":true},"27":{"start":{"line":101,"column":20},"end":{"line":101,"column":96},"skip":true},"28":{"start":{"line":103,"column":16},"end":{"line":103,"column":22},"skip":true},"29":{"start":{"line":106,"column":16},"end":{"line":106,"column":22},"skip":true},"30":{"start":{"line":108,"column":12},"end":{"line":120,"column":13},"skip":true},"31":{"start":{"line":114,"column":16},"end":{"line":119,"column":17},"skip":true},"32":{"start":{"line":116,"column":20},"end":{"line":116,"column":78},"skip":true},"33":{"start":{"line":118,"column":20},"end":{"line":118,"column":47},"skip":true},"34":{"start":{"line":123,"column":8},"end":{"line":141,"column":11},"skip":true},"35":{"start":{"line":124,"column":12},"end":{"line":124,"column":54},"skip":true},"36":{"start":{"line":125,"column":12},"end":{"line":140,"column":14},"skip":true},"37":{"start":{"line":126,"column":16},"end":{"line":126,"column":28},"skip":true},"38":{"start":{"line":127,"column":16},"end":{"line":127,"column":69},"skip":true},"39":{"start":{"line":128,"column":16},"end":{"line":128,"column":75},"skip":true},"40":{"start":{"line":129,"column":16},"end":{"line":131,"column":17},"skip":true},"41":{"start":{"line":130,"column":20},"end":{"line":130,"column":27},"skip":true},"42":{"start":{"line":133,"column":16},"end":{"line":137,"column":36},"skip":true},"43":{"start":{"line":134,"column":20},"end":{"line":136,"column":55},"skip":true},"44":{"start":{"line":139,"column":16},"end":{"line":139,"column":57},"skip":true},"45":{"start":{"line":143,"column":8},"end":{"line":147,"column":11},"skip":true},"46":{"start":{"line":144,"column":12},"end":{"line":146,"column":15},"skip":true},"47":{"start":{"line":145,"column":16},"end":{"line":145,"column":70},"skip":true},"48":{"start":{"line":149,"column":8},"end":{"line":149,"column":31},"skip":true},"49":{"start":{"line":150,"column":8},"end":{"line":150,"column":14},"skip":true},"50":{"start":{"line":158,"column":8},"end":{"line":158,"column":31},"skip":true},"51":{"start":{"line":160,"column":8},"end":{"line":160,"column":33},"skip":true},"52":{"start":{"line":161,"column":8},"end":{"line":161,"column":37},"skip":true},"53":{"start":{"line":162,"column":8},"end":{"line":162,"column":35},"skip":true},"54":{"start":{"line":164,"column":8},"end":{"line":164,"column":50},"skip":true},"55":{"start":{"line":166,"column":8},"end":{"line":256,"column":2},"skip":true},"56":{"start":{"line":258,"column":8},"end":{"line":286,"column":9},"skip":true},"57":{"start":{"line":259,"column":12},"end":{"line":269,"column":14},"skip":true},"58":{"start":{"line":271,"column":12},"end":{"line":285,"column":19},"skip":true},"59":{"start":{"line":274,"column":20},"end":{"line":274,"column":35},"skip":true},"60":{"start":{"line":275,"column":20},"end":{"line":284,"column":21},"skip":true},"61":{"start":{"line":277,"column":24},"end":{"line":277,"column":64},"skip":true},"62":{"start":{"line":279,"column":24},"end":{"line":279,"column":40},"skip":true},"63":{"start":{"line":281,"column":24},"end":{"line":281,"column":40},"skip":true},"64":{"start":{"line":283,"column":24},"end":{"line":283,"column":39},"skip":true},"65":{"start":{"line":288,"column":8},"end":{"line":290,"column":9},"skip":true},"66":{"start":{"line":289,"column":12},"end":{"line":289,"column":18},"skip":true},"67":{"start":{"line":291,"column":8},"end":{"line":293,"column":54},"skip":true},"68":{"start":{"line":294,"column":8},"end":{"line":301,"column":37},"skip":true},"69":{"start":{"line":302,"column":8},"end":{"line":302,"column":82},"skip":true},"70":{"start":{"line":305,"column":8},"end":{"line":307,"column":9},"skip":true},"71":{"start":{"line":306,"column":12},"end":{"line":306,"column":82},"skip":true},"72":{"start":{"line":309,"column":8},"end":{"line":311,"column":9},"skip":true},"73":{"start":{"line":310,"column":12},"end":{"line":310,"column":18},"skip":true},"74":{"start":{"line":312,"column":8},"end":{"line":312,"column":54},"skip":true},"75":{"start":{"line":313,"column":8},"end":{"line":313,"column":69},"skip":true},"76":{"start":{"line":314,"column":8},"end":{"line":322,"column":36},"skip":true},"77":{"start":{"line":315,"column":12},"end":{"line":315,"column":61},"skip":true},"78":{"start":{"line":316,"column":12},"end":{"line":319,"column":13},"skip":true},"79":{"start":{"line":317,"column":16},"end":{"line":317,"column":75},"skip":true},"80":{"start":{"line":318,"column":16},"end":{"line":318,"column":23},"skip":true},"81":{"start":{"line":320,"column":12},"end":{"line":320,"column":38},"skip":true},"82":{"start":{"line":321,"column":12},"end":{"line":321,"column":27},"skip":true},"83":{"start":{"line":323,"column":8},"end":{"line":323,"column":14},"skip":true}},"branchMap":{"1":{"line":39,"type":"binary-expr","locations":[{"start":{"line":39,"column":23},"end":{"line":39,"column":62}},{"start":{"line":40,"column":20},"end":{"line":40,"column":70}},{"start":{"line":41,"column":20},"end":{"line":41,"column":71}},{"start":{"line":42,"column":20},"end":{"line":42,"column":29}}]},"2":{"line":44,"type":"binary-expr","locations":[{"start":{"line":44,"column":23},"end":{"line":44,"column":37}},{"start":{"line":45,"column":20},"end":{"line":45,"column":61}},{"start":{"line":46,"column":20},"end":{"line":46,"column":70}},{"start":{"line":47,"column":20},"end":{"line":47,"column":26}}]},"3":{"line":51,"type":"cond-expr","locations":[{"start":{"line":52,"column":14},"end":{"line":52,"column":20}},{"start":{"line":53,"column":14},"end":{"line":53,"column":20}}]},"4":{"line":55,"type":"binary-expr","locations":[{"start":{"line":55,"column":16},"end":{"line":55,"column":44}},{"start":{"line":55,"column":49},"end":{"line":57,"column":43}}]},"5":{"line":55,"type":"cond-expr","locations":[{"start":{"line":56,"column":14},"end":{"line":56,"column":51}},{"start":{"line":57,"column":14},"end":{"line":57,"column":43}}]},"6":{"line":61,"type":"switch","locations":[{"start":{"line":68,"column":4},"end":{"line":150,"column":14},"skip":true},{"start":{"line":156,"column":4},"end":{"line":323,"column":14},"skip":true}]},"7":{"line":70,"type":"if","locations":[{"start":{"line":70,"column":12},"end":{"line":70,"column":12},"skip":true},{"start":{"line":70,"column":12},"end":{"line":70,"column":12},"skip":true}]},"8":{"line":70,"type":"binary-expr","locations":[{"start":{"line":70,"column":16},"end":{"line":70,"column":22},"skip":true},{"start":{"line":70,"column":27},"end":{"line":70,"column":32},"skip":true},{"start":{"line":71,"column":20},"end":{"line":71,"column":39},"skip":true},{"start":{"line":72,"column":20},"end":{"line":72,"column":49},"skip":true},{"start":{"line":73,"column":20},"end":{"line":73,"column":58},"skip":true},{"start":{"line":74,"column":20},"end":{"line":74,"column":69},"skip":true}]},"9":{"line":79,"type":"switch","locations":[{"start":{"line":80,"column":20},"end":{"line":80,"column":33},"skip":true},{"start":{"line":81,"column":20},"end":{"line":83,"column":30},"skip":true},{"start":{"line":84,"column":20},"end":{"line":85,"column":49},"skip":true}]},"10":{"line":89,"type":"switch","locations":[{"start":{"line":90,"column":12},"end":{"line":103,"column":22},"skip":true},{"start":{"line":105,"column":12},"end":{"line":106,"column":22},"skip":true}]},"11":{"line":89,"type":"binary-expr","locations":[{"start":{"line":89,"column":20},"end":{"line":89,"column":25},"skip":true},{"start":{"line":89,"column":29},"end":{"line":89,"column":48},"skip":true},{"start":{"line":89,"column":52},"end":{"line":89,"column":74},"skip":true}]},"12":{"line":92,"type":"if","locations":[{"start":{"line":92,"column":16},"end":{"line":92,"column":16},"skip":true},{"start":{"line":92,"column":16},"end":{"line":92,"column":16},"skip":true}]},"13":{"line":108,"type":"if","locations":[{"start":{"line":108,"column":12},"end":{"line":108,"column":12},"skip":true},{"start":{"line":108,"column":12},"end":{"line":108,"column":12},"skip":true}]},"14":{"line":108,"type":"binary-expr","locations":[{"start":{"line":108,"column":16},"end":{"line":108,"column":61},"skip":true},{"start":{"line":108,"column":66},"end":{"line":108,"column":72},"skip":true},{"start":{"line":108,"column":77},"end":{"line":108,"column":82},"skip":true},{"start":{"line":109,"column":20},"end":{"line":109,"column":39},"skip":true},{"start":{"line":110,"column":20},"end":{"line":110,"column":49},"skip":true},{"start":{"line":111,"column":20},"end":{"line":111,"column":58},"skip":true},{"start":{"line":112,"column":20},"end":{"line":112,"column":68},"skip":true}]},"15":{"line":129,"type":"if","locations":[{"start":{"line":129,"column":16},"end":{"line":129,"column":16},"skip":true},{"start":{"line":129,"column":16},"end":{"line":129,"column":16},"skip":true}]},"16":{"line":134,"type":"cond-expr","locations":[{"start":{"line":135,"column":26},"end":{"line":135,"column":29},"skip":true},{"start":{"line":136,"column":26},"end":{"line":136,"column":54},"skip":true}]},"17":{"line":164,"type":"binary-expr","locations":[{"start":{"line":164,"column":27},"end":{"line":164,"column":43},"skip":true},{"start":{"line":164,"column":47},"end":{"line":164,"column":49},"skip":true}]},"18":{"line":258,"type":"if","locations":[{"start":{"line":258,"column":8},"end":{"line":258,"column":8},"skip":true},{"start":{"line":258,"column":8},"end":{"line":258,"column":8},"skip":true}]},"19":{"line":275,"type":"switch","locations":[{"start":{"line":276,"column":20},"end":{"line":277,"column":64},"skip":true},{"start":{"line":278,"column":20},"end":{"line":279,"column":40},"skip":true},{"start":{"line":280,"column":20},"end":{"line":281,"column":40},"skip":true},{"start":{"line":282,"column":20},"end":{"line":283,"column":39},"skip":true}]},"20":{"line":288,"type":"if","locations":[{"start":{"line":288,"column":8},"end":{"line":288,"column":8},"skip":true},{"start":{"line":288,"column":8},"end":{"line":288,"column":8},"skip":true}]},"21":{"line":288,"type":"binary-expr","locations":[{"start":{"line":288,"column":12},"end":{"line":288,"column":40},"skip":true},{"start":{"line":288,"column":44},"end":{"line":288,"column":67},"skip":true}]},"22":{"line":292,"type":"binary-expr","locations":[{"start":{"line":292,"column":12},"end":{"line":292,"column":50},"skip":true},{"start":{"line":293,"column":12},"end":{"line":293,"column":53},"skip":true}]},"23":{"line":295,"type":"binary-expr","locations":[{"start":{"line":295,"column":12},"end":{"line":295,"column":65},"skip":true},{"start":{"line":296,"column":12},"end":{"line":301,"column":36},"skip":true}]},"24":{"line":302,"type":"binary-expr","locations":[{"start":{"line":302,"column":43},"end":{"line":302,"column":75},"skip":true},{"start":{"line":302,"column":79},"end":{"line":302,"column":81},"skip":true}]},"25":{"line":305,"type":"if","locations":[{"start":{"line":305,"column":8},"end":{"line":305,"column":8},"skip":true},{"start":{"line":305,"column":8},"end":{"line":305,"column":8},"skip":true}]},"26":{"line":309,"type":"if","locations":[{"start":{"line":309,"column":8},"end":{"line":309,"column":8},"skip":true},{"start":{"line":309,"column":8},"end":{"line":309,"column":8},"skip":true}]},"27":{"line":312,"type":"binary-expr","locations":[{"start":{"line":312,"column":27},"end":{"line":312,"column":43},"skip":true},{"start":{"line":312,"column":47},"end":{"line":312,"column":53},"skip":true}]},"28":{"line":316,"type":"if","locations":[{"start":{"line":316,"column":12},"end":{"line":316,"column":12},"skip":true},{"start":{"line":316,"column":12},"end":{"line":316,"column":12},"skip":true}]}},"code":["/*","example.js","","quickstart example","","instruction","    1. save this script as example.js","    2. run the shell command:","        $ npm install npmtest-pikaday && PORT=8081 node example.js","    3. play with the browser-demo on http://127.0.0.1:8081","*/","","","","/* istanbul instrument in package npmtest_pikaday */","/*jslint","    bitwise: true,","    browser: true,","    maxerr: 8,","    maxlen: 96,","    node: true,","    nomen: true,","    regexp: true,","    stupid: true","*/","(function () {","    'use strict';","    var local;","","","","    // run shared js-env code - pre-init","    (function () {","        // init local","        local = {};","        // init modeJs","        local.modeJs = (function () {","            try {","                return typeof navigator.userAgent === 'string' &&","                    typeof document.querySelector('body') === 'object' &&","                    typeof XMLHttpRequest.prototype.open === 'function' &&","                    'browser';","            } catch (errorCaughtBrowser) {","                return module.exports &&","                    typeof process.versions.node === 'string' &&","                    typeof require('http').createServer === 'function' &&","                    'node';","            }","        }());","        // init global","        local.global = local.modeJs === 'browser'","            ? window","            : global;","        // init utility2_rollup","        local = local.global.utility2_rollup || (local.modeJs === 'browser'","            ? local.global.utility2_npmtest_pikaday","            : global.utility2_moduleExports);","        // export local","        local.global.local = local;","    }());","    switch (local.modeJs) {","","","","    // post-init","    // run browser js-env code - post-init","    /* istanbul ignore next */","    case 'browser':","        local.testRunBrowser = function (event) {","            if (!event || (event &&","                    event.currentTarget &&","                    event.currentTarget.className &&","                    event.currentTarget.className.includes &&","                    event.currentTarget.className.includes('onreset'))) {","                // reset output","                Array.from(","                    document.querySelectorAll('body > .resettable')","                ).forEach(function (element) {","                    switch (element.tagName) {","                    case 'INPUT':","                    case 'TEXTAREA':","                        element.value = '';","                        break;","                    default:","                        element.textContent = '';","                    }","                });","            }","            switch (event && event.currentTarget && event.currentTarget.id) {","            case 'testRunButton1':","                // show tests","                if (document.querySelector('#testReportDiv1').style.display === 'none') {","                    document.querySelector('#testReportDiv1').style.display = 'block';","                    document.querySelector('#testRunButton1').textContent =","                        'hide internal test';","                    local.modeTest = true;","                    local.testRunDefault(local);","                // hide tests","                } else {","                    document.querySelector('#testReportDiv1').style.display = 'none';","                    document.querySelector('#testRunButton1').textContent = 'run internal test';","                }","                break;","            // custom-case","            default:","                break;","            }","            if (document.querySelector('#inputTextareaEval1') && (!event || (event &&","                    event.currentTarget &&","                    event.currentTarget.className &&","                    event.currentTarget.className.includes &&","                    event.currentTarget.className.includes('oneval')))) {","                // try to eval input-code","                try {","                    /*jslint evil: true*/","                    eval(document.querySelector('#inputTextareaEval1').value);","                } catch (errorCaught) {","                    console.error(errorCaught);","                }","            }","        };","        // log stderr and stdout to #outputTextareaStdout1","        ['error', 'log'].forEach(function (key) {","            console[key + '_original'] = console[key];","            console[key] = function () {","                var element;","                console[key + '_original'].apply(console, arguments);","                element = document.querySelector('#outputTextareaStdout1');","                if (!element) {","                    return;","                }","                // append text to #outputTextareaStdout1","                element.value += Array.from(arguments).map(function (arg) {","                    return typeof arg === 'string'","                        ? arg","                        : JSON.stringify(arg, null, 4);","                }).join(' ') + '\\n';","                // scroll textarea to bottom","                element.scrollTop = element.scrollHeight;","            };","        });","        // init event-handling","        ['change', 'click', 'keyup'].forEach(function (event) {","            Array.from(document.querySelectorAll('.on' + event)).forEach(function (element) {","                element.addEventListener(event, local.testRunBrowser);","            });","        });","        // run tests","        local.testRunBrowser();","        break;","","","","    // run node js-env code - post-init","    /* istanbul ignore next */","    case 'node':","        // export local","        module.exports = local;","        // require modules","        local.fs = require('fs');","        local.http = require('http');","        local.url = require('url');","        // init assets","        local.assetsDict = local.assetsDict || {};","        /* jslint-ignore-begin */","        local.assetsDict['/assets.index.template.html'] = '\\","<!doctype html>\\n\\","<html lang=\"en\">\\n\\","<head>\\n\\","<meta charset=\"UTF-8\">\\n\\","<meta name=\"viewport\" content=\"width=device-width, initial-scale=1\">\\n\\","<title>{{env.npm_package_name}} (v{{env.npm_package_version}})</title>\\n\\","<style>\\n\\","/*csslint\\n\\","    box-sizing: false,\\n\\","    universal-selector: false\\n\\","*/\\n\\","* {\\n\\","    box-sizing: border-box;\\n\\","}\\n\\","body {\\n\\","    background: #dde;\\n\\","    font-family: Arial, Helvetica, sans-serif;\\n\\","    margin: 2rem;\\n\\","}\\n\\","body > * {\\n\\","    margin-bottom: 1rem;\\n\\","}\\n\\",".utility2FooterDiv {\\n\\","    margin-top: 20px;\\n\\","    text-align: center;\\n\\","}\\n\\","</style>\\n\\","<style>\\n\\","/*csslint\\n\\","*/\\n\\","textarea {\\n\\","    font-family: monospace;\\n\\","    height: 10rem;\\n\\","    width: 100%;\\n\\","}\\n\\","textarea[readonly] {\\n\\","    background: #ddd;\\n\\","}\\n\\","</style>\\n\\","</head>\\n\\","<body>\\n\\","<!-- utility2-comment\\n\\","<div id=\"ajaxProgressDiv1\" style=\"background: #d00; height: 2px; left: 0; margin: 0; padding: 0; position: fixed; top: 0; transition: background 0.5s, width 1.5s; width: 25%;\"></div>\\n\\","utility2-comment -->\\n\\","<h1>\\n\\","<!-- utility2-comment\\n\\","    <a\\n\\","        {{#if env.npm_package_homepage}}\\n\\","        href=\"{{env.npm_package_homepage}}\"\\n\\","        {{/if env.npm_package_homepage}}\\n\\","        target=\"_blank\"\\n\\","    >\\n\\","utility2-comment -->\\n\\","        {{env.npm_package_name}} (v{{env.npm_package_version}})\\n\\","<!-- utility2-comment\\n\\","    </a>\\n\\","utility2-comment -->\\n\\","</h1>\\n\\","<h3>{{env.npm_package_description}}</h3>\\n\\","<!-- utility2-comment\\n\\","<h4><a download href=\"assets.app.js\">download standalone app</a></h4>\\n\\","<button class=\"onclick onreset\" id=\"testRunButton1\">run internal test</button><br>\\n\\","<div id=\"testReportDiv1\" style=\"display: none;\"></div>\\n\\","utility2-comment -->\\n\\","\\n\\","\\n\\","\\n\\","<label>stderr and stdout</label>\\n\\","<textarea class=\"resettable\" id=\"outputTextareaStdout1\" readonly></textarea>\\n\\","<!-- utility2-comment\\n\\","{{#if isRollup}}\\n\\","<script src=\"assets.app.js\"></script>\\n\\","{{#unless isRollup}}\\n\\","utility2-comment -->\\n\\","<script src=\"assets.utility2.rollup.js\"></script>\\n\\","<script src=\"jsonp.utility2._stateInit?callback=window.utility2._stateInit\"></script>\\n\\","<script src=\"assets.npmtest_pikaday.rollup.js\"></script>\\n\\","<script src=\"assets.example.js\"></script>\\n\\","<script src=\"assets.test.js\"></script>\\n\\","<!-- utility2-comment\\n\\","{{/if isRollup}}\\n\\","utility2-comment -->\\n\\","<div class=\"utility2FooterDiv\">\\n\\","    [ this app was created with\\n\\","    <a href=\"https://github.com/kaizhu256/node-utility2\" target=\"_blank\">utility2</a>\\n\\","    ]\\n\\","</div>\\n\\","</body>\\n\\","</html>\\n\\","';","        /* jslint-ignore-end */","        if (local.templateRender) {","            local.assetsDict['/'] = local.templateRender(","                local.assetsDict['/assets.index.template.html'],","                {","                    env: local.objectSetDefault(local.env, {","                        npm_package_description: 'the greatest app in the world!',","                        npm_package_name: 'my-app',","                        npm_package_nameAlias: 'my_app',","                        npm_package_version: '0.0.1'","                    })","                }","            );","        } else {","            local.assetsDict['/'] = local.assetsDict['/assets.index.template.html']","                .replace((/\\{\\{env\\.(\\w+?)\\}\\}/g), function (match0, match1) {","                    // jslint-hack","                    String(match0);","                    switch (match1) {","                    case 'npm_package_description':","                        return 'the greatest app in the world!';","                    case 'npm_package_name':","                        return 'my-app';","                    case 'npm_package_nameAlias':","                        return 'my_app';","                    case 'npm_package_version':","                        return '0.0.1';","                    }","                });","        }","        // run the cli","        if (local.global.utility2_rollup || module !== require.main) {","            break;","        }","        local.assetsDict['/assets.example.js'] =","            local.assetsDict['/assets.example.js'] ||","            local.fs.readFileSync(__filename, 'utf8');","        local.assetsDict['/assets.npmtest_pikaday.rollup.js'] =","            local.assetsDict['/assets.npmtest_pikaday.rollup.js'] ||","            local.fs.readFileSync(","                // buildCustomOrg-hack","                local.npmtest_pikaday.__dirname +","                    '/lib.npmtest_pikaday.js',","                'utf8'","            ).replace((/^#!/), '//');","        local.assetsDict['/favicon.ico'] = local.assetsDict['/favicon.ico'] || '';","        // if $npm_config_timeout_exit exists,","        // then exit this process after $npm_config_timeout_exit ms","        if (Number(process.env.npm_config_timeout_exit)) {","            setTimeout(process.exit, Number(process.env.npm_config_timeout_exit));","        }","        // start server","        if (local.global.utility2_serverHttp1) {","            break;","        }","        process.env.PORT = process.env.PORT || '8081';","        console.error('server starting on port ' + process.env.PORT);","        local.http.createServer(function (request, response) {","            request.urlParsed = local.url.parse(request.url);","            if (local.assetsDict[request.urlParsed.pathname] !== undefined) {","                response.end(local.assetsDict[request.urlParsed.pathname]);","                return;","            }","            response.statusCode = 404;","            response.end();","        }).listen(process.env.PORT);","        break;","    }","}());",""],"l":{"26":2,"28":2,"33":2,"35":2,"37":2,"38":2,"39":2,"44":1,"51":2,"55":2,"59":2,"61":2,"69":1,"70":2,"76":2,"79":2,"82":2,"83":2,"85":1,"89":2,"92":1,"93":1,"94":1,"96":1,"97":1,"100":1,"101":1,"103":1,"106":1,"108":2,"114":1,"116":1,"118":1,"123":1,"124":2,"125":2,"126":2,"127":2,"128":2,"129":2,"130":1,"133":2,"134":2,"139":2,"143":1,"144":3,"145":1,"149":1,"150":1,"158":1,"160":1,"161":1,"162":1,"164":1,"166":1,"258":1,"259":1,"271":1,"274":6,"275":6,"277":1,"279":2,"281":1,"283":2,"288":1,"289":1,"291":1,"294":1,"302":1,"305":1,"306":1,"309":1,"310":1,"312":1,"313":1,"314":1,"315":1,"316":1,"317":1,"318":1,"320":1,"321":1,"323":1}},"/home/travis/build/npmtest/node-npmtest-pikaday/node_modules/pikaday/pikaday.js":{"path":"/home/travis/build/npmtest/node-npmtest-pikaday/node_modules/pikaday/pikaday.js","s":{"1":3,"2":3,"3":3,"4":3,"5":3,"6":3,"7":0,"8":0,"9":0,"10":0,"11":0,"12":0,"13":0,"14":3,"15":0,"16":0,"17":0,"18":0,"19":0,"20":0,"21":0,"22":0,"23":0,"24":0,"25":0,"26":0,"27":0,"28":0,"29":0,"30":0,"31":0,"32":0,"33":0,"34":0,"35":0,"36":0,"37":0,"38":0,"39":0,"40":0,"41":0,"42":0,"43":0,"44":0,"45":0,"46":0,"47":0,"48":0,"49":0,"50":0,"51":0,"52":0,"53":0,"54":0,"55":0,"56":0,"57":0,"58":0,"59":0,"60":0,"61":0,"62":0,"63":0,"64":0,"65":0,"66":0,"67":0,"68":0,"69":0,"70":0,"71":0,"72":0,"73":0,"74":0,"75":0,"76":0,"77":0,"78":0,"79":0,"80":0,"81":0,"82":0,"83":0,"84":0,"85":0,"86":0,"87":0,"88":0,"89":0,"90":0,"91":0,"92":0,"93":0,"94":0,"95":0,"96":0,"97":0,"98":0,"99":0,"100":0,"101":0,"102":0,"103":0,"104":0,"105":0,"106":0,"107":0,"108":0,"109":0,"110":0,"111":0,"112":0,"113":0,"114":0,"115":0,"116":0,"117":0,"118":0,"119":0,"120":0,"121":0,"122":0,"123":0,"124":0,"125":0,"126":0,"127":0,"128":0,"129":0,"130":0,"131":0,"132":0,"133":0,"134":0,"135":0,"136":0,"137":0,"138":0,"139":0,"140":0,"141":0,"142":0,"143":0,"144":0,"145":0,"146":0,"147":0,"148":0,"149":0,"150":0,"151":0,"152":0,"153":0,"154":0,"155":0,"156":0,"157":0,"158":0,"159":0,"160":0,"161":0,"162":0,"163":0,"164":0,"165":0,"166":0,"167":0,"168":0,"169":0,"170":0,"171":0,"172":0,"173":0,"174":0,"175":0,"176":0,"177":0,"178":0,"179":0,"180":0,"181":0,"182":0,"183":0,"184":0,"185":0,"186":0,"187":0,"188":0,"189":0,"190":0,"191":0,"192":0,"193":0,"194":0,"195":0,"196":0,"197":0,"198":0,"199":0,"200":0,"201":0,"202":0,"203":0,"204":0,"205":0,"206":0,"207":0,"208":0,"209":0,"210":0,"211":0,"212":0,"213":0,"214":0,"215":0,"216":0,"217":0,"218":0,"219":0,"220":0,"221":0,"222":0,"223":0,"224":0,"225":0,"226":0,"227":0,"228":0,"229":0,"230":0,"231":0,"232":0,"233":0,"234":0,"235":0,"236":0,"237":0,"238":0,"239":0,"240":0,"241":0,"242":0,"243":0,"244":0,"245":0,"246":0,"247":0,"248":0,"249":0,"250":0,"251":0,"252":0,"253":0,"254":0,"255":0,"256":0,"257":0,"258":0,"259":0,"260":0,"261":0,"262":0,"263":0,"264":0,"265":0,"266":0,"267":0,"268":0,"269":0,"270":0,"271":0,"272":0,"273":0,"274":0,"275":0,"276":0,"277":0,"278":0,"279":0,"280":0,"281":0,"282":0,"283":0,"284":0,"285":0,"286":0,"287":0,"288":0,"289":0,"290":0,"291":0,"292":0,"293":0,"294":0,"295":0,"296":0,"297":0,"298":0,"299":0,"300":0,"301":0,"302":0,"303":0,"304":0,"305":0,"306":0,"307":0,"308":0,"309":0,"310":0,"311":0,"312":0,"313":0,"314":0,"315":0,"316":0,"317":0,"318":0,"319":0,"320":0,"321":0,"322":0,"323":0,"324":0,"325":0,"326":0,"327":0,"328":0,"329":0,"330":0,"331":0,"332":0,"333":0,"334":0,"335":0,"336":0,"337":0,"338":0,"339":0,"340":0,"341":0,"342":0,"343":0,"344":0,"345":0,"346":0,"347":0,"348":0,"349":0,"350":0,"351":0,"352":0,"353":0,"354":0,"355":0,"356":0,"357":0,"358":0,"359":0,"360":0,"361":0,"362":0,"363":0,"364":0,"365":0,"366":0,"367":0,"368":0,"369":0,"370":0,"371":0,"372":0,"373":0,"374":0,"375":0,"376":0,"377":0,"378":0,"379":0,"380":0,"381":0,"382":0,"383":0,"384":0,"385":0,"386":0,"387":0,"388":0,"389":0,"390":0,"391":0,"392":0,"393":0,"394":0,"395":0,"396":0,"397":0,"398":0,"399":0,"400":0,"401":0,"402":0,"403":0,"404":0,"405":0,"406":0,"407":0,"408":0,"409":0,"410":0,"411":0,"412":0,"413":0,"414":0,"415":0,"416":0,"417":0,"418":0,"419":0,"420":0,"421":0,"422":0,"423":0,"424":0,"425":0,"426":0,"427":0,"428":0,"429":0,"430":0,"431":0,"432":0,"433":0,"434":0,"435":0,"436":0,"437":0,"438":0,"439":0,"440":0,"441":0,"442":0,"443":0,"444":0,"445":0,"446":0,"447":0,"448":0,"449":0,"450":0,"451":0,"452":0,"453":0,"454":0,"455":0,"456":0,"457":0,"458":0,"459":0,"460":0,"461":0,"462":0,"463":0,"464":0,"465":0,"466":0,"467":0,"468":0,"469":0,"470":0,"471":0,"472":0,"473":0,"474":0,"475":0,"476":0,"477":0,"478":0,"479":0,"480":0},"b":{"1":[3,0],"2":[0,0],"3":[0,0],"4":[0,0],"5":[0,0],"6":[0,0],"7":[0,0],"8":[0,0],"9":[0,0],"10":[0,0],"11":[0,0],"12":[0,0],"13":[0,0,0],"14":[0,0],"15":[0,0],"16":[0,0],"17":[0,0,0,0],"18":[0,0],"19":[0,0],"20":[0,0],"21":[0,0],"22":[0,0],"23":[0,0],"24":[0,0],"25":[0,0],"26":[0,0],"27":[0,0],"28":[0,0],"29":[0,0],"30":[0,0],"31":[0,0],"32":[0,0],"33":[0,0],"34":[0,0],"35":[0,0],"36":[0,0],"37":[0,0],"38":[0,0],"39":[0,0],"40":[0,0],"41":[0,0,0,0],"42":[0,0],"43":[0,0],"44":[0,0],"45":[0,0],"46":[0,0],"47":[0,0],"48":[0,0,0],"49":[0,0],"50":[0,0,0],"51":[0,0],"52":[0,0],"53":[0,0],"54":[0,0],"55":[0,0],"56":[0,0],"57":[0,0],"58":[0,0],"59":[0,0],"60":[0,0],"61":[0,0,0],"62":[0,0],"63":[0,0],"64":[0,0],"65":[0,0],"66":[0,0],"67":[0,0],"68":[0,0],"69":[0,0],"70":[0,0],"71":[0,0],"72":[0,0],"73":[0,0],"74":[0,0],"75":[0,0,0,0,0,0],"76":[0,0],"77":[0,0],"78":[0,0],"79":[0,0],"80":[0,0],"81":[0,0],"82":[0,0],"83":[0,0],"84":[0,0],"85":[0,0],"86":[0,0],"87":[0,0],"88":[0,0],"89":[0,0],"90":[0,0],"91":[0,0],"92":[0,0],"93":[0,0,0],"94":[0,0],"95":[0,0],"96":[0,0],"97":[0,0],"98":[0,0],"99":[0,0],"100":[0,0],"101":[0,0],"102":[0,0],"103":[0,0],"104":[0,0],"105":[0,0],"106":[0,0],"107":[0,0],"108":[0,0],"109":[0,0],"110":[0,0],"111":[0,0],"112":[0,0],"113":[0,0],"114":[0,0],"115":[0,0],"116":[0,0],"117":[0,0],"118":[0,0],"119":[0,0],"120":[0,0,0],"121":[0,0],"122":[0,0],"123":[0,0],"124":[0,0],"125":[0,0],"126":[0,0],"127":[0,0],"128":[0,0],"129":[0,0],"130":[0,0],"131":[0,0],"132":[0,0],"133":[0,0],"134":[0,0],"135":[0,0],"136":[0,0],"137":[0,0],"138":[0,0],"139":[0,0],"140":[0,0],"141":[0,0],"142":[0,0],"143":[0,0],"144":[0,0],"145":[0,0],"146":[0,0],"147":[0,0],"148":[0,0],"149":[0,0],"150":[0,0],"151":[0,0],"152":[0,0],"153":[0,0],"154":[0,0],"155":[0,0],"156":[0,0],"157":[0,0],"158":[0,0],"159":[0,0],"160":[0,0],"161":[0,0],"162":[0,0],"163":[0,0],"164":[0,0],"165":[0,0],"166":[0,0],"167":[0,0],"168":[0,0],"169":[0,0],"170":[0,0],"171":[0,0],"172":[0,0],"173":[0,0],"174":[0,0],"175":[0,0,0],"176":[0,0],"177":[0,0],"178":[0,0,0,0],"179":[0,0],"180":[0,0,0,0],"181":[0,0],"182":[0,0],"183":[0,0],"184":[0,0],"185":[0,0],"186":[0,0],"187":[0,0],"188":[0,0],"189":[0,0],"190":[0,0],"191":[0,0,0,0],"192":[0,0,0,0,0,0,0,0],"193":[0,0],"194":[0,0],"195":[0,0],"196":[0,0],"197":[0,0],"198":[0,0],"199":[0,0],"200":[0,0],"201":[0,0],"202":[0,0],"203":[0,0],"204":[0,0],"205":[0,0],"206":[0,0]},"f":{"1":3,"2":0,"3":3,"4":0,"5":0,"6":0,"7":0,"8":0,"9":0,"10":0,"11":0,"12":0,"13":0,"14":0,"15":0,"16":0,"17":0,"18":0,"19":0,"20":0,"21":0,"22":0,"23":0,"24":0,"25":0,"26":0,"27":0,"28":0,"29":0,"30":0,"31":0,"32":0,"33":0,"34":0,"35":0,"36":0,"37":0,"38":0,"39":0,"40":0,"41":0,"42":0,"43":0,"44":0,"45":0,"46":0,"47":0,"48":0,"49":0,"50":0,"51":0,"52":0,"53":0,"54":0,"55":0,"56":0,"57":0,"58":0,"59":0,"60":0,"61":0,"62":0,"63":0,"64":0},"fnMap":{"1":{"name":"(anonymous_1)","line":7,"loc":{"start":{"line":7,"column":1},"end":{"line":8,"column":0}}},"2":{"name":"(anonymous_2)","line":19,"loc":{"start":{"line":19,"column":15},"end":{"line":20,"column":8}}},"3":{"name":"(anonymous_3)","line":29,"loc":{"start":{"line":29,"column":8},"end":{"line":30,"column":0}}},"4":{"name":"(anonymous_4)","line":44,"loc":{"start":{"line":44,"column":15},"end":{"line":45,"column":4}}},"5":{"name":"(anonymous_5)","line":53,"loc":{"start":{"line":53,"column":18},"end":{"line":54,"column":4}}},"6":{"name":"(anonymous_6)","line":62,"loc":{"start":{"line":62,"column":16},"end":{"line":63,"column":4}}},"7":{"name":"(anonymous_7)","line":78,"loc":{"start":{"line":78,"column":11},"end":{"line":79,"column":4}}},"8":{"name":"(anonymous_8)","line":83,"loc":{"start":{"line":83,"column":15},"end":{"line":84,"column":4}}},"9":{"name":"(anonymous_9)","line":88,"loc":{"start":{"line":88,"column":15},"end":{"line":89,"column":4}}},"10":{"name":"(anonymous_10)","line":95,"loc":{"start":{"line":95,"column":18},"end":{"line":96,"column":4}}},"11":{"name":"(anonymous_11)","line":100,"loc":{"start":{"line":100,"column":14},"end":{"line":101,"column":4}}},"12":{"name":"(anonymous_12)","line":105,"loc":{"start":{"line":105,"column":13},"end":{"line":106,"column":4}}},"13":{"name":"(anonymous_13)","line":110,"loc":{"start":{"line":110,"column":16},"end":{"line":111,"column":4}}},"14":{"name":"(anonymous_14)","line":116,"loc":{"start":{"line":116,"column":17},"end":{"line":117,"column":4}}},"15":{"name":"(anonymous_15)","line":122,"loc":{"start":{"line":122,"column":21},"end":{"line":123,"column":4}}},"16":{"name":"(anonymous_16)","line":127,"loc":{"start":{"line":127,"column":22},"end":{"line":128,"column":4}}},"17":{"name":"(anonymous_17)","line":132,"loc":{"start":{"line":132,"column":19},"end":{"line":133,"column":4}}},"18":{"name":"(anonymous_18)","line":138,"loc":{"start":{"line":138,"column":13},"end":{"line":139,"column":4}}},"19":{"name":"(anonymous_19)","line":163,"loc":{"start":{"line":163,"column":21},"end":{"line":163,"column":40}}},"20":{"name":"(anonymous_20)","line":272,"loc":{"start":{"line":272,"column":20},"end":{"line":273,"column":4}}},"21":{"name":"(anonymous_21)","line":281,"loc":{"start":{"line":281,"column":16},"end":{"line":282,"column":4}}},"22":{"name":"(anonymous_22)","line":319,"loc":{"start":{"line":319,"column":17},"end":{"line":319,"column":36}}},"23":{"name":"(anonymous_23)","line":326,"loc":{"start":{"line":326,"column":16},"end":{"line":327,"column":4}}},"24":{"name":"(anonymous_24)","line":331,"loc":{"start":{"line":331,"column":17},"end":{"line":332,"column":4}}},"25":{"name":"(anonymous_25)","line":336,"loc":{"start":{"line":336,"column":17},"end":{"line":337,"column":4}}},"26":{"name":"(anonymous_26)","line":348,"loc":{"start":{"line":348,"column":18},"end":{"line":349,"column":4}}},"27":{"name":"(anonymous_27)","line":408,"loc":{"start":{"line":408,"column":18},"end":{"line":409,"column":4}}},"28":{"name":"(anonymous_28)","line":417,"loc":{"start":{"line":417,"column":14},"end":{"line":418,"column":4}}},"29":{"name":"(anonymous_29)","line":422,"loc":{"start":{"line":422,"column":28},"end":{"line":423,"column":8}}},"30":{"name":"(anonymous_30)","line":437,"loc":{"start":{"line":437,"column":28},"end":{"line":437,"column":39}}},"31":{"name":"(anonymous_31)","line":465,"loc":{"start":{"line":465,"column":25},"end":{"line":466,"column":8}}},"32":{"name":"(anonymous_32)","line":480,"loc":{"start":{"line":480,"column":28},"end":{"line":481,"column":8}}},"33":{"name":"(anonymous_33)","line":508,"loc":{"start":{"line":508,"column":30},"end":{"line":509,"column":8}}},"34":{"name":"(anonymous_34)","line":530,"loc":{"start":{"line":530,"column":29},"end":{"line":531,"column":8}}},"35":{"name":"(anonymous_35)","line":535,"loc":{"start":{"line":535,"column":29},"end":{"line":536,"column":8}}},"36":{"name":"(anonymous_36)","line":540,"loc":{"start":{"line":540,"column":28},"end":{"line":541,"column":8}}},"37":{"name":"(anonymous_37)","line":552,"loc":{"start":{"line":552,"column":30},"end":{"line":552,"column":41}}},"38":{"name":"(anonymous_38)","line":559,"loc":{"start":{"line":559,"column":24},"end":{"line":560,"column":8}}},"39":{"name":"(anonymous_39)","line":645,"loc":{"start":{"line":645,"column":16},"end":{"line":646,"column":8}}},"40":{"name":"(anonymous_40)","line":703,"loc":{"start":{"line":703,"column":18},"end":{"line":704,"column":8}}},"41":{"name":"(anonymous_41)","line":711,"loc":{"start":{"line":711,"column":19},"end":{"line":712,"column":8}}},"42":{"name":"(anonymous_42)","line":719,"loc":{"start":{"line":719,"column":19},"end":{"line":720,"column":8}}},"43":{"name":"(anonymous_43)","line":729,"loc":{"start":{"line":729,"column":17},"end":{"line":730,"column":8}}},"44":{"name":"(anonymous_44)","line":737,"loc":{"start":{"line":737,"column":17},"end":{"line":738,"column":8}}},"45":{"name":"(anonymous_45)","line":781,"loc":{"start":{"line":781,"column":18},"end":{"line":782,"column":8}}},"46":{"name":"(anonymous_46)","line":812,"loc":{"start":{"line":812,"column":20},"end":{"line":812,"column":41}}},"47":{"name":"(anonymous_47)","line":836,"loc":{"start":{"line":836,"column":25},"end":{"line":836,"column":36}}},"48":{"name":"(anonymous_48)","line":847,"loc":{"start":{"line":847,"column":19},"end":{"line":848,"column":8}}},"49":{"name":"(anonymous_49)","line":855,"loc":{"start":{"line":855,"column":19},"end":{"line":856,"column":8}}},"50":{"name":"(anonymous_50)","line":863,"loc":{"start":{"line":863,"column":19},"end":{"line":864,"column":8}}},"51":{"name":"(anonymous_51)","line":869,"loc":{"start":{"line":869,"column":19},"end":{"line":870,"column":8}}},"52":{"name":"(anonymous_52)","line":878,"loc":{"start":{"line":878,"column":18},"end":{"line":879,"column":8}}},"53":{"name":"(anonymous_53)","line":889,"loc":{"start":{"line":889,"column":20},"end":{"line":890,"column":8}}},"54":{"name":"(anonymous_54)","line":909,"loc":{"start":{"line":909,"column":20},"end":{"line":910,"column":8}}},"55":{"name":"(anonymous_55)","line":926,"loc":{"start":{"line":926,"column":23},"end":{"line":927,"column":8}}},"56":{"name":"(anonymous_56)","line":931,"loc":{"start":{"line":931,"column":21},"end":{"line":932,"column":8}}},"57":{"name":"(anonymous_57)","line":939,"loc":{"start":{"line":939,"column":14},"end":{"line":940,"column":8}}},"58":{"name":"(anonymous_58)","line":975,"loc":{"start":{"line":975,"column":24},"end":{"line":975,"column":35}}},"59":{"name":"(anonymous_59)","line":991,"loc":{"start":{"line":991,"column":24},"end":{"line":992,"column":8}}},"60":{"name":"(anonymous_60)","line":1045,"loc":{"start":{"line":1045,"column":16},"end":{"line":1046,"column":8}}},"61":{"name":"(anonymous_61)","line":1128,"loc":{"start":{"line":1128,"column":19},"end":{"line":1129,"column":8}}},"62":{"name":"(anonymous_62)","line":1133,"loc":{"start":{"line":1133,"column":14},"end":{"line":1134,"column":8}}},"63":{"name":"(anonymous_63)","line":1149,"loc":{"start":{"line":1149,"column":14},"end":{"line":1150,"column":8}}},"64":{"name":"(anonymous_64)","line":1170,"loc":{"start":{"line":1170,"column":17},"end":{"line":1171,"column":8}}}},"statementMap":{"1":{"start":{"line":7,"column":0},"end":{"line":1193,"column":4}},"2":{"start":{"line":11,"column":4},"end":{"line":11,"column":15}},"3":{"start":{"line":12,"column":4},"end":{"line":28,"column":5}},"4":{"start":{"line":15,"column":8},"end":{"line":15,"column":56}},"5":{"start":{"line":15,"column":14},"end":{"line":15,"column":41}},"6":{"start":{"line":16,"column":8},"end":{"line":16,"column":41}},"7":{"start":{"line":17,"column":11},"end":{"line":28,"column":5}},"8":{"start":{"line":19,"column":8},"end":{"line":25,"column":11}},"9":{"start":{"line":22,"column":12},"end":{"line":22,"column":30}},"10":{"start":{"line":23,"column":12},"end":{"line":23,"column":50}},"11":{"start":{"line":23,"column":18},"end":{"line":23,"column":35}},"12":{"start":{"line":24,"column":12},"end":{"line":24,"column":35}},"13":{"start":{"line":27,"column":8},"end":{"line":27,"column":44}},"14":{"start":{"line":36,"column":4},"end":{"line":633,"column":6}},"15":{"start":{"line":46,"column":8},"end":{"line":50,"column":9}},"16":{"start":{"line":47,"column":12},"end":{"line":47,"column":56}},"17":{"start":{"line":49,"column":12},"end":{"line":49,"column":47}},"18":{"start":{"line":55,"column":8},"end":{"line":59,"column":9}},"19":{"start":{"line":56,"column":12},"end":{"line":56,"column":59}},"20":{"start":{"line":58,"column":12},"end":{"line":58,"column":47}},"21":{"start":{"line":64,"column":8},"end":{"line":64,"column":15}},"22":{"start":{"line":66,"column":8},"end":{"line":75,"column":9}},"23":{"start":{"line":67,"column":12},"end":{"line":67,"column":52}},"24":{"start":{"line":68,"column":12},"end":{"line":68,"column":49}},"25":{"start":{"line":69,"column":12},"end":{"line":69,"column":34}},"26":{"start":{"line":70,"column":12},"end":{"line":70,"column":33}},"27":{"start":{"line":71,"column":15},"end":{"line":75,"column":9}},"28":{"start":{"line":72,"column":12},"end":{"line":72,"column":46}},"29":{"start":{"line":73,"column":12},"end":{"line":73,"column":34}},"30":{"start":{"line":74,"column":12},"end":{"line":74,"column":47}},"31":{"start":{"line":80,"column":8},"end":{"line":80,"column":68}},"32":{"start":{"line":85,"column":8},"end":{"line":85,"column":73}},"33":{"start":{"line":90,"column":8},"end":{"line":92,"column":9}},"34":{"start":{"line":91,"column":12},"end":{"line":91,"column":80}},"35":{"start":{"line":97,"column":8},"end":{"line":97,"column":85}},"36":{"start":{"line":102,"column":8},"end":{"line":102,"column":67}},"37":{"start":{"line":107,"column":8},"end":{"line":107,"column":91}},"38":{"start":{"line":112,"column":8},"end":{"line":112,"column":32}},"39":{"start":{"line":113,"column":8},"end":{"line":113,"column":38}},"40":{"start":{"line":119,"column":8},"end":{"line":119,"column":70}},"41":{"start":{"line":124,"column":8},"end":{"line":124,"column":95}},"42":{"start":{"line":129,"column":8},"end":{"line":129,"column":49}},"43":{"start":{"line":129,"column":26},"end":{"line":129,"column":49}},"44":{"start":{"line":135,"column":8},"end":{"line":135,"column":43}},"45":{"start":{"line":140,"column":8},"end":{"line":140,"column":26}},"46":{"start":{"line":141,"column":8},"end":{"line":159,"column":9}},"47":{"start":{"line":142,"column":12},"end":{"line":142,"column":45}},"48":{"start":{"line":143,"column":12},"end":{"line":158,"column":13}},"49":{"start":{"line":144,"column":16},"end":{"line":155,"column":17}},"50":{"start":{"line":145,"column":20},"end":{"line":147,"column":21}},"51":{"start":{"line":146,"column":24},"end":{"line":146,"column":66}},"52":{"start":{"line":149,"column":21},"end":{"line":155,"column":17}},"53":{"start":{"line":150,"column":20},"end":{"line":152,"column":21}},"54":{"start":{"line":151,"column":24},"end":{"line":151,"column":55}},"55":{"start":{"line":154,"column":20},"end":{"line":154,"column":65}},"56":{"start":{"line":156,"column":19},"end":{"line":158,"column":13}},"57":{"start":{"line":157,"column":16},"end":{"line":157,"column":38}},"58":{"start":{"line":160,"column":8},"end":{"line":160,"column":18}},"59":{"start":{"line":164,"column":8},"end":{"line":167,"column":9}},"60":{"start":{"line":165,"column":12},"end":{"line":165,"column":68}},"61":{"start":{"line":166,"column":12},"end":{"line":166,"column":33}},"62":{"start":{"line":168,"column":8},"end":{"line":171,"column":9}},"63":{"start":{"line":169,"column":12},"end":{"line":169,"column":69}},"64":{"start":{"line":170,"column":12},"end":{"line":170,"column":33}},"65":{"start":{"line":172,"column":8},"end":{"line":172,"column":24}},"66":{"start":{"line":274,"column":8},"end":{"line":274,"column":29}},"67":{"start":{"line":275,"column":8},"end":{"line":277,"column":9}},"68":{"start":{"line":276,"column":12},"end":{"line":276,"column":21}},"69":{"start":{"line":278,"column":8},"end":{"line":278,"column":77}},"70":{"start":{"line":283,"column":8},"end":{"line":283,"column":21}},"71":{"start":{"line":284,"column":8},"end":{"line":284,"column":35}},"72":{"start":{"line":285,"column":8},"end":{"line":291,"column":9}},"73":{"start":{"line":286,"column":12},"end":{"line":290,"column":13}},"74":{"start":{"line":287,"column":16},"end":{"line":287,"column":53}},"75":{"start":{"line":289,"column":16},"end":{"line":289,"column":52}},"76":{"start":{"line":292,"column":8},"end":{"line":294,"column":9}},"77":{"start":{"line":293,"column":12},"end":{"line":293,"column":36}},"78":{"start":{"line":295,"column":8},"end":{"line":297,"column":9}},"79":{"start":{"line":296,"column":12},"end":{"line":296,"column":33}},"80":{"start":{"line":298,"column":8},"end":{"line":301,"column":9}},"81":{"start":{"line":299,"column":12},"end":{"line":299,"column":36}},"82":{"start":{"line":300,"column":12},"end":{"line":300,"column":34}},"83":{"start":{"line":302,"column":8},"end":{"line":304,"column":9}},"84":{"start":{"line":303,"column":12},"end":{"line":303,"column":35}},"85":{"start":{"line":305,"column":8},"end":{"line":307,"column":9}},"86":{"start":{"line":306,"column":12},"end":{"line":306,"column":38}},"87":{"start":{"line":308,"column":8},"end":{"line":310,"column":9}},"88":{"start":{"line":309,"column":12},"end":{"line":309,"column":36}},"89":{"start":{"line":311,"column":8},"end":{"line":316,"column":23}},"90":{"start":{"line":321,"column":8},"end":{"line":322,"column":99}},"91":{"start":{"line":323,"column":8},"end":{"line":323,"column":60}},"92":{"start":{"line":328,"column":8},"end":{"line":328,"column":75}},"93":{"start":{"line":333,"column":8},"end":{"line":333,"column":54}},"94":{"start":{"line":338,"column":8},"end":{"line":338,"column":24}},"95":{"start":{"line":339,"column":8},"end":{"line":341,"column":9}},"96":{"start":{"line":340,"column":12},"end":{"line":340,"column":34}},"97":{"start":{"line":342,"column":8},"end":{"line":344,"column":9}},"98":{"start":{"line":343,"column":12},"end":{"line":343,"column":134}},"99":{"start":{"line":345,"column":8},"end":{"line":345,"column":93}},"100":{"start":{"line":350,"column":8},"end":{"line":358,"column":24}},"101":{"start":{"line":360,"column":8},"end":{"line":365,"column":9}},"102":{"start":{"line":361,"column":12},"end":{"line":364,"column":51}},"103":{"start":{"line":367,"column":8},"end":{"line":367,"column":173}},"104":{"start":{"line":369,"column":8},"end":{"line":375,"column":9}},"105":{"start":{"line":370,"column":12},"end":{"line":370,"column":34}},"106":{"start":{"line":371,"column":12},"end":{"line":371,"column":38}},"107":{"start":{"line":373,"column":12},"end":{"line":373,"column":38}},"108":{"start":{"line":374,"column":12},"end":{"line":374,"column":42}},"109":{"start":{"line":377,"column":8},"end":{"line":381,"column":9}},"110":{"start":{"line":378,"column":12},"end":{"line":380,"column":13}},"111":{"start":{"line":379,"column":16},"end":{"line":379,"column":124}},"112":{"start":{"line":382,"column":8},"end":{"line":382,"column":170}},"113":{"start":{"line":384,"column":8},"end":{"line":388,"column":9}},"114":{"start":{"line":385,"column":12},"end":{"line":385,"column":41}},"115":{"start":{"line":387,"column":12},"end":{"line":387,"column":41}},"116":{"start":{"line":390,"column":8},"end":{"line":392,"column":9}},"117":{"start":{"line":391,"column":12},"end":{"line":391,"column":25}},"118":{"start":{"line":394,"column":8},"end":{"line":396,"column":9}},"119":{"start":{"line":395,"column":12},"end":{"line":395,"column":25}},"120":{"start":{"line":398,"column":8},"end":{"line":400,"column":9}},"121":{"start":{"line":399,"column":12},"end":{"line":399,"column":139}},"122":{"start":{"line":401,"column":8},"end":{"line":403,"column":9}},"123":{"start":{"line":402,"column":12},"end":{"line":402,"column":135}},"124":{"start":{"line":405,"column":8},"end":{"line":405,"column":32}},"125":{"start":{"line":410,"column":8},"end":{"line":410,"column":172}},"126":{"start":{"line":419,"column":8},"end":{"line":420,"column":40}},"127":{"start":{"line":422,"column":8},"end":{"line":463,"column":10}},"128":{"start":{"line":424,"column":12},"end":{"line":426,"column":13}},"129":{"start":{"line":425,"column":16},"end":{"line":425,"column":23}},"130":{"start":{"line":427,"column":12},"end":{"line":427,"column":34}},"131":{"start":{"line":428,"column":12},"end":{"line":428,"column":50}},"132":{"start":{"line":429,"column":12},"end":{"line":431,"column":13}},"133":{"start":{"line":430,"column":16},"end":{"line":430,"column":23}},"134":{"start":{"line":433,"column":12},"end":{"line":451,"column":13}},"135":{"start":{"line":434,"column":16},"end":{"line":450,"column":17}},"136":{"start":{"line":435,"column":20},"end":{"line":435,"column":160}},"137":{"start":{"line":436,"column":20},"end":{"line":443,"column":21}},"138":{"start":{"line":437,"column":24},"end":{"line":442,"column":32}},"139":{"start":{"line":438,"column":28},"end":{"line":438,"column":40}},"140":{"start":{"line":439,"column":28},"end":{"line":441,"column":29}},"141":{"start":{"line":440,"column":32},"end":{"line":440,"column":50}},"142":{"start":{"line":445,"column":21},"end":{"line":450,"column":17}},"143":{"start":{"line":446,"column":20},"end":{"line":446,"column":37}},"144":{"start":{"line":448,"column":21},"end":{"line":450,"column":17}},"145":{"start":{"line":449,"column":20},"end":{"line":449,"column":37}},"146":{"start":{"line":452,"column":12},"end":{"line":462,"column":13}},"147":{"start":{"line":454,"column":16},"end":{"line":459,"column":17}},"148":{"start":{"line":455,"column":20},"end":{"line":455,"column":39}},"149":{"start":{"line":457,"column":20},"end":{"line":457,"column":42}},"150":{"start":{"line":458,"column":20},"end":{"line":458,"column":33}},"151":{"start":{"line":461,"column":16},"end":{"line":461,"column":31}},"152":{"start":{"line":465,"column":8},"end":{"line":478,"column":10}},"153":{"start":{"line":467,"column":12},"end":{"line":467,"column":34}},"154":{"start":{"line":468,"column":12},"end":{"line":468,"column":50}},"155":{"start":{"line":469,"column":12},"end":{"line":471,"column":13}},"156":{"start":{"line":470,"column":16},"end":{"line":470,"column":23}},"157":{"start":{"line":472,"column":12},"end":{"line":477,"column":13}},"158":{"start":{"line":473,"column":16},"end":{"line":473,"column":45}},"159":{"start":{"line":475,"column":17},"end":{"line":477,"column":13}},"160":{"start":{"line":476,"column":16},"end":{"line":476,"column":44}},"161":{"start":{"line":480,"column":8},"end":{"line":506,"column":10}},"162":{"start":{"line":482,"column":12},"end":{"line":482,"column":34}},"163":{"start":{"line":484,"column":12},"end":{"line":505,"column":13}},"164":{"start":{"line":486,"column":16},"end":{"line":504,"column":17}},"165":{"start":{"line":489,"column":24},"end":{"line":489,"column":42}},"166":{"start":{"line":490,"column":24},"end":{"line":490,"column":30}},"167":{"start":{"line":492,"column":24},"end":{"line":492,"column":43}},"168":{"start":{"line":493,"column":24},"end":{"line":493,"column":55}},"169":{"start":{"line":494,"column":24},"end":{"line":494,"column":30}},"170":{"start":{"line":496,"column":24},"end":{"line":496,"column":55}},"171":{"start":{"line":497,"column":24},"end":{"line":497,"column":30}},"172":{"start":{"line":499,"column":24},"end":{"line":499,"column":50}},"173":{"start":{"line":500,"column":24},"end":{"line":500,"column":30}},"174":{"start":{"line":502,"column":24},"end":{"line":502,"column":50}},"175":{"start":{"line":503,"column":24},"end":{"line":503,"column":30}},"176":{"start":{"line":508,"column":8},"end":{"line":528,"column":10}},"177":{"start":{"line":510,"column":12},"end":{"line":510,"column":21}},"178":{"start":{"line":512,"column":12},"end":{"line":514,"column":13}},"179":{"start":{"line":513,"column":16},"end":{"line":513,"column":23}},"180":{"start":{"line":515,"column":12},"end":{"line":521,"column":13}},"181":{"start":{"line":516,"column":16},"end":{"line":516,"column":80}},"182":{"start":{"line":517,"column":16},"end":{"line":517,"column":71}},"183":{"start":{"line":520,"column":16},"end":{"line":520,"column":62}},"184":{"start":{"line":522,"column":12},"end":{"line":524,"column":13}},"185":{"start":{"line":523,"column":14},"end":{"line":523,"column":33}},"186":{"start":{"line":525,"column":12},"end":{"line":527,"column":13}},"187":{"start":{"line":526,"column":16},"end":{"line":526,"column":28}},"188":{"start":{"line":530,"column":8},"end":{"line":533,"column":10}},"189":{"start":{"line":532,"column":12},"end":{"line":532,"column":24}},"190":{"start":{"line":535,"column":8},"end":{"line":538,"column":10}},"191":{"start":{"line":537,"column":12},"end":{"line":537,"column":24}},"192":{"start":{"line":540,"column":8},"end":{"line":557,"column":10}},"193":{"start":{"line":543,"column":12},"end":{"line":543,"column":45}},"194":{"start":{"line":544,"column":12},"end":{"line":549,"column":43}},"195":{"start":{"line":545,"column":16},"end":{"line":547,"column":17}},"196":{"start":{"line":546,"column":20},"end":{"line":546,"column":27}},"197":{"start":{"line":551,"column":12},"end":{"line":555,"column":13}},"198":{"start":{"line":552,"column":16},"end":{"line":554,"column":23}},"199":{"start":{"line":553,"column":20},"end":{"line":553,"column":32}},"200":{"start":{"line":556,"column":12},"end":{"line":556,"column":28}},"201":{"start":{"line":559,"column":8},"end":{"line":582,"column":10}},"202":{"start":{"line":561,"column":12},"end":{"line":561,"column":34}},"203":{"start":{"line":562,"column":12},"end":{"line":563,"column":29}},"204":{"start":{"line":564,"column":12},"end":{"line":566,"column":13}},"205":{"start":{"line":565,"column":16},"end":{"line":565,"column":23}},"206":{"start":{"line":567,"column":12},"end":{"line":572,"column":13}},"207":{"start":{"line":568,"column":16},"end":{"line":571,"column":17}},"208":{"start":{"line":569,"column":20},"end":{"line":569,"column":63}},"209":{"start":{"line":570,"column":20},"end":{"line":570,"column":63}},"210":{"start":{"line":573,"column":12},"end":{"line":578,"column":43}},"211":{"start":{"line":574,"column":16},"end":{"line":576,"column":17}},"212":{"start":{"line":575,"column":20},"end":{"line":575,"column":27}},"213":{"start":{"line":579,"column":12},"end":{"line":581,"column":13}},"214":{"start":{"line":580,"column":16},"end":{"line":580,"column":28}},"215":{"start":{"line":584,"column":8},"end":{"line":584,"column":48}},"216":{"start":{"line":585,"column":8},"end":{"line":585,"column":113}},"217":{"start":{"line":587,"column":8},"end":{"line":587,"column":64}},"218":{"start":{"line":588,"column":8},"end":{"line":588,"column":63}},"219":{"start":{"line":589,"column":8},"end":{"line":589,"column":52}},"220":{"start":{"line":590,"column":8},"end":{"line":590,"column":57}},"221":{"start":{"line":592,"column":8},"end":{"line":610,"column":9}},"222":{"start":{"line":593,"column":12},"end":{"line":599,"column":13}},"223":{"start":{"line":594,"column":16},"end":{"line":594,"column":52}},"224":{"start":{"line":595,"column":19},"end":{"line":599,"column":13}},"225":{"start":{"line":596,"column":16},"end":{"line":596,"column":51}},"226":{"start":{"line":598,"column":16},"end":{"line":598,"column":84}},"227":{"start":{"line":600,"column":12},"end":{"line":600,"column":64}},"228":{"start":{"line":602,"column":12},"end":{"line":609,"column":13}},"229":{"start":{"line":603,"column":16},"end":{"line":607,"column":17}},"230":{"start":{"line":604,"column":20},"end":{"line":604,"column":86}},"231":{"start":{"line":606,"column":20},"end":{"line":606,"column":78}},"232":{"start":{"line":608,"column":16},"end":{"line":608,"column":43}},"233":{"start":{"line":612,"column":8},"end":{"line":612,"column":39}},"234":{"start":{"line":614,"column":8},"end":{"line":622,"column":9}},"235":{"start":{"line":615,"column":12},"end":{"line":619,"column":13}},"236":{"start":{"line":616,"column":16},"end":{"line":616,"column":44}},"237":{"start":{"line":618,"column":16},"end":{"line":618,"column":39}},"238":{"start":{"line":621,"column":12},"end":{"line":621,"column":38}},"239
[...]
dRange: function(value)","        {","            this._o.endRange = value;","        },","","        /**","         * refresh the HTML","         */","        draw: function(force)","        {","            if (!this._v && !force) {","                return;","            }","            var opts = this._o,","                minYear = opts.minYear,","                maxYear = opts.maxYear,","                minMonth = opts.minMonth,","                maxMonth = opts.maxMonth,","                html = '',","                randId;","","            if (this._y <= minYear) {","                this._y = minYear;","                if (!isNaN(minMonth) && this._m < minMonth) {","                    this._m = minMonth;","                }","            }","            if (this._y >= maxYear) {","                this._y = maxYear;","                if (!isNaN(maxMonth) && this._m > maxMonth) {","                    this._m = maxMonth;","                }","            }","","            randId = 'pika-title-' + Math.random().toString(36).replace(/[^a-z]+/g, '').substr(0, 2);","","            for (var c = 0; c < opts.numberOfMonths; c++) {","                html += '<div class=\"pika-lendar\">' + renderTitle(this, c, this.calendars[c].year, this.calendars[c].month, this.calendars[0].year, randId) + this.render(this.calendars[c].year, this.calendars[c].month, randId) + '</div>';","            }","","            this.el.innerHTML = html;","","            if (opts.bound) {","                if(opts.field.type !== 'hidden') {","                    sto(function() {","                        opts.trigger.focus();","                    }, 1);","                }","            }","","            if (typeof this._o.onDraw === 'function') {","                this._o.onDraw(this);","            }","            ","            if (opts.bound) {","                // let the screen reader user know to use arrow keys","                opts.field.setAttribute('aria-label', 'Use the arrow keys to pick a date');","            }","        },","","        adjustPosition: function()","        {","            var field, pEl, width, height, viewportWidth, viewportHeight, scrollTop, left, top, clientRect;","","            if (this._o.container) return;","","            this.el.style.position = 'absolute';","","            field = this._o.trigger;","            pEl = field;","            width = this.el.offsetWidth;","            height = this.el.offsetHeight;","            viewportWidth = window.innerWidth || document.documentElement.clientWidth;","            viewportHeight = window.innerHeight || document.documentElement.clientHeight;","            scrollTop = window.pageYOffset || document.body.scrollTop || document.documentElement.scrollTop;","","            if (typeof field.getBoundingClientRect === 'function') {","                clientRect = field.getBoundingClientRect();","                left = clientRect.left + window.pageXOffset;","                top = clientRect.bottom + window.pageYOffset;","            } else {","                left = pEl.offsetLeft;","                top  = pEl.offsetTop + pEl.offsetHeight;","                while((pEl = pEl.offsetParent)) {","                    left += pEl.offsetLeft;","                    top  += pEl.offsetTop;","                }","            }","","            // default position is bottom & left","            if ((this._o.reposition && left + width > viewportWidth) ||","                (","                    this._o.position.indexOf('right') > -1 &&","                    left - width + field.offsetWidth > 0","                )","            ) {","                left = left - width + field.offsetWidth;","            }","            if ((this._o.reposition && top + height > viewportHeight + scrollTop) ||","                (","                    this._o.position.indexOf('top') > -1 &&","                    top - height - field.offsetHeight > 0","                )","            ) {","                top = top - height - field.offsetHeight;","            }","","            this.el.style.left = left + 'px';","            this.el.style.top = top + 'px';","        },","","        /**","         * render HTML for a particular month","         */","        render: function(year, month, randId)","        {","            var opts   = this._o,","                now    = new Date(),","                days   = getDaysInMonth(year, month),","                before = new Date(year, month, 1).getDay(),","                data   = [],","                row    = [];","            setToStartOfDay(now);","            if (opts.firstDay > 0) {","                before -= opts.firstDay;","                if (before < 0) {","                    before += 7;","                }","            }","            var previousMonth = month === 0 ? 11 : month - 1,","                nextMonth = month === 11 ? 0 : month + 1,","                yearOfPreviousMonth = month === 0 ? year - 1 : year,","                yearOfNextMonth = month === 11 ? year + 1 : year,","                daysInPreviousMonth = getDaysInMonth(yearOfPreviousMonth, previousMonth);","            var cells = days + before,","                after = cells;","            while(after > 7) {","                after -= 7;","            }","            cells += 7 - after;","            for (var i = 0, r = 0; i < cells; i++)","            {","                var day = new Date(year, month, 1 + (i - before)),","                    isSelected = isDate(this._d) ? compareDates(day, this._d) : false,","                    isToday = compareDates(day, now),","                    isEmpty = i < before || i >= (days + before),","                    dayNumber = 1 + (i - before),","                    monthNumber = month,","                    yearNumber = year,","                    isStartRange = opts.startRange && compareDates(opts.startRange, day),","                    isEndRange = opts.endRange && compareDates(opts.endRange, day),","                    isInRange = opts.startRange && opts.endRange && opts.startRange < day && day < opts.endRange,","                    isDisabled = (opts.minDate && day < opts.minDate) ||","                                 (opts.maxDate && day > opts.maxDate) ||","                                 (opts.disableWeekends && isWeekend(day)) ||","                                 (opts.disableDayFn && opts.disableDayFn(day));","","                if (isEmpty) {","                    if (i < before) {","                        dayNumber = daysInPreviousMonth + dayNumber;","                        monthNumber = previousMonth;","                        yearNumber = yearOfPreviousMonth;","                    } else {","                        dayNumber = dayNumber - days;","                        monthNumber = nextMonth;","                        yearNumber = yearOfNextMonth;","                    }","                }","","                var dayConfig = {","                        day: dayNumber,","                        month: monthNumber,","                        year: yearNumber,","                        isSelected: isSelected,","                        isToday: isToday,","                        isDisabled: isDisabled,","                        isEmpty: isEmpty,","                        isStartRange: isStartRange,","                        isEndRange: isEndRange,","                        isInRange: isInRange,","                        showDaysInNextAndPreviousMonths: opts.showDaysInNextAndPreviousMonths","                    };","","                row.push(renderDay(dayConfig));","","                if (++r === 7) {","                    if (opts.showWeekNumber) {","                        row.unshift(renderWeek(i - before, month, year));","                    }","                    data.push(renderRow(row, opts.isRTL));","                    row = [];","                    r = 0;","                }","            }","            return renderTable(opts, data, randId);","        },","","        isVisible: function()","        {","            return this._v;","        },","","        show: function()","        {","            if (!this.isVisible()) {","                removeClass(this.el, 'is-hidden');","                this._v = true;","                this.draw();","                if (this._o.bound) {","                    addEvent(document, 'click', this._onClick);","                    this.adjustPosition();","                }","                if (typeof this._o.onOpen === 'function') {","                    this._o.onOpen.call(this);","                }","            }","        },","","        hide: function()","        {","            var v = this._v;","            if (v !== false) {","                if (this._o.bound) {","                    removeEvent(document, 'click', this._onClick);","                }","                this.el.style.position = 'static'; // reset","                this.el.style.left = 'auto';","                this.el.style.top = 'auto';","                addClass(this.el, 'is-hidden');","                this._v = false;","                if (v !== undefined && typeof this._o.onClose === 'function') {","                    this._o.onClose.call(this);","                }","            }","        },","","        /**","         * GAME OVER","         */","        destroy: function()","        {","            this.hide();","            removeEvent(this.el, 'mousedown', this._onMouseDown, true);","            removeEvent(this.el, 'touchend', this._onMouseDown, true);","            removeEvent(this.el, 'change', this._onChange);","            if (this._o.field) {","                removeEvent(this._o.field, 'change', this._onInputChange);","                if (this._o.bound) {","                    removeEvent(this._o.trigger, 'click', this._onInputClick);","                    removeEvent(this._o.trigger, 'focus', this._onInputFocus);","                    removeEvent(this._o.trigger, 'blur', this._onInputBlur);","                }","            }","            if (this.el.parentNode) {","                this.el.parentNode.removeChild(this.el);","            }","        }","","    };","","    return Pikaday;","","}));",""],"l":{"7":3,"11":3,"12":3,"15":3,"16":3,"17":0,"19":0,"22":0,"23":0,"24":0,"27":0,"36":3,"46":0,"47":0,"49":0,"55":0,"56":0,"58":0,"64":0,"66":0,"67":0,"68":0,"69":0,"70":0,"71":0,"72":0,"73":0,"74":0,"80":0,"85":0,"90":0,"91":0,"97":0,"102":0,"107":0,"112":0,"113":0,"119":0,"124":0,"129":0,"135":0,"140":0,"141":0,"142":0,"143":0,"144":0,"145":0,"146":0,"149":0,"150":0,"151":0,"154":0,"156":0,"157":0,"160":0,"164":0,"165":0,"166":0,"168":0,"169":0,"170":0,"172":0,"274":0,"275":0,"276":0,"278":0,"283":0,"284":0,"285":0,"286":0,"287":0,"289":0,"292":0,"293":0,"295":0,"296":0,"298":0,"299":0,"300":0,"302":0,"303":0,"305":0,"306":0,"308":0,"309":0,"311":0,"321":0,"323":0,"328":0,"333":0,"338":0,"339":0,"340":0,"342":0,"343":0,"345":0,"350":0,"360":0,"361":0,"367":0,"369":0,"370":0,"371":0,"373":0,"374":0,"377":0,"378":0,"379":0,"382":0,"384":0,"385":0,"387":0,"390":0,"391":0,"394":0,"395":0,"398":0,"399":0,"401":0,"402":0,"405":0,"410":0,"419":0,"422":0,"424":0,"425":0,"427":0,"428":0,"429":0,"430":0,"433":0,"434":0,"435":0,"436":0,"437":0,"438":0,"439":0,"440":0,"445":0,"446":0,"448":0,"449":0,"452":0,"454":0,"455":0,"457":0,"458":0,"461":0,"465":0,"467":0,"468":0,"469":0,"470":0,"472":0,"473":0,"475":0,"476":0,"480":0,"482":0,"484":0,"486":0,"489":0,"490":0,"492":0,"493":0,"494":0,"496":0,"497":0,"499":0,"500":0,"502":0,"503":0,"508":0,"510":0,"512":0,"513":0,"515":0,"516":0,"517":0,"520":0,"522":0,"523":0,"525":0,"526":0,"530":0,"532":0,"535":0,"537":0,"540":0,"543":0,"544":0,"545":0,"546":0,"551":0,"552":0,"553":0,"556":0,"559":0,"561":0,"562":0,"564":0,"565":0,"567":0,"568":0,"569":0,"570":0,"573":0,"574":0,"575":0,"579":0,"580":0,"584":0,"585":0,"587":0,"588":0,"589":0,"590":0,"592":0,"593":0,"594":0,"595":0,"596":0,"598":0,"600":0,"602":0,"603":0,"604":0,"606":0,"608":0,"612":0,"614":0,"615":0,"616":0,"618":0,"621":0,"624":0,"625":0,"626":0,"627":0,"628":0,"629":0,"631":0,"639":0,"647":0,"648":0,"651":0,"653":0,"655":0,"657":0,"659":0,"661":0,"663":0,"665":0,"667":0,"668":0,"670":0,"671":0,"673":0,"674":0,"676":0,"677":0,"679":0,"680":0,"682":0,"683":0,"686":0,"687":0,"688":0,"689":0,"691":0,"692":0,"693":0,"697":0,"705":0,"713":0,"721":0,"722":0,"731":0,"739":0,"740":0,"742":0,"743":0,"744":0,"747":0,"749":0,"750":0,"752":0,"753":0,"756":0,"759":0,"760":0,"761":0,"762":0,"765":0,"766":0,"767":0,"769":0,"770":0,"771":0,"773":0,"774":0,"783":0,"785":0,"786":0,"789":0,"790":0,"794":0,"795":0,"796":0,"799":0,"800":0,"804":0,"805":0,"809":0,"814":0,"815":0,"817":0,"819":0,"820":0,"821":0,"822":0,"825":0,"826":0,"827":0,"828":0,"829":0,"833":0,"837":0,"838":0,"839":0,"844":0,"849":0,"857":0,"858":0,"859":0,"865":0,"866":0,"871":0,"872":0,"880":0,"881":0,"882":0,"891":0,"892":0,"893":0,"894":0,"895":0,"897":0,"898":0,"899":0,"900":0,"903":0,"911":0,"912":0,"913":0,"914":0,"915":0,"917":0,"918":0,"919":0,"920":0,"923":0,"928":0,"933":0,"941":0,"942":0,"944":0,"952":0,"953":0,"954":0,"955":0,"958":0,"959":0,"960":0,"961":0,"965":0,"967":0,"968":0,"971":0,"973":0,"974":0,"975":0,"976":0,"981":0,"982":0,"985":0,"987":0,"993":0,"995":0,"997":0,"999":0,"1000":0,"1001":0,"1002":0,"1003":0,"1004":0,"1005":0,"1007":0,"1008":0,"1009":0,"1010":0,"1012":0,"1013":0,"1014":0,"1015":0,"1016":0,"1021":0,"1027":0,"1029":0,"1035":0,"1038":0,"1039":0,"1047":0,"1053":0,"1054":0,"1055":0,"1056":0,"1057":0,"1060":0,"1065":0,"1067":0,"1068":0,"1070":0,"1071":0,"1073":0,"1088":0,"1089":0,"1090":0,"1091":0,"1092":0,"1094":0,"1095":0,"1096":0,"1100":0,"1114":0,"1116":0,"1117":0,"1118":0,"1120":0,"1121":0,"1122":0,"1125":0,"1130":0,"1135":0,"1136":0,"1137":0,"1138":0,"1139":0,"1140":0,"1141":0,"1143":0,"1144":0,"1151":0,"1152":0,"1153":0,"1154":0,"1156":0,"1157":0,"1158":0,"1159":0,"1160":0,"1161":0,"1162":0,"1172":0,"1173":0,"1174":0,"1175":0,"1176":0,"1177":0,"1178":0,"1179":0,"1180":0,"1181":0,"1184":0,"1185":0,"1191":0}},"/home/travis/build/npmtest/node-npmtest-pikaday/node_modules/pikaday/plugins/pikaday.jquery.js":{"path":"/home/travis/build/npmtest/node-npmtest-pikaday/node_modules/pikaday/plugins/pikaday.jquery.js","s":{"1":2,"2":2,"3":2,"4":0,"5":0,"6":0,"7":0,"8":0,"9":0,"10":0,"11":0,"12":0,"13":0,"14":0,"15":0,"16":0,"17":0,"18":0,"19":0,"20":0,"21":0},"b":{"1":[2,0],"2":[0,0],"3":[0,0],"4":[0,0],"5":[0,0],"6":[0,0],"7":[0,0],"8":[0,0],"9":[0,0],"10":[0,0]},"f":{"1":2,"2":0,"3":0,"4":0},"fnMap":{"1":{"name":"(anonymous_1)","line":7,"loc":{"start":{"line":7,"column":1},"end":{"line":8,"column":0}}},"2":{"name":"(anonymous_2)","line":21,"loc":{"start":{"line":21,"column":8},"end":{"line":22,"column":0}}},"3":{"name":"(anonymous_3)","line":25,"loc":{"start":{"line":25,"column":19},"end":{"line":26,"column":4}}},"4":{"name":"(anonymous_4)","line":33,"loc":{"start":{"line":33,"column":25},"end":{"line":34,"column":8}}}},"statementMap":{"1":{"start":{"line":7,"column":0},"end":{"line":56,"column":4}},"2":{"start":{"line":11,"column":4},"end":{"line":20,"column":5}},"3":{"start":{"line":13,"column":8},"end":{"line":13,"column":58}},"4":{"start":{"line":14,"column":11},"end":{"line":20,"column":5}},"5":{"start":{"line":16,"column":8},"end":{"line":16,"column":47}},"6":{"start":{"line":19,"column":8},"end":{"line":19,"column":43}},"7":{"start":{"line":25,"column":4},"end":{"line":54,"column":6}},"8":{"start":{"line":27,"column":8},"end":{"line":27,"column":29}},"9":{"start":{"line":29,"column":8},"end":{"line":31,"column":9}},"10":{"start":{"line":30,"column":12},"end":{"line":30,"column":25}},"11":{"start":{"line":33,"column":8},"end":{"line":53,"column":11}},"12":{"start":{"line":35,"column":12},"end":{"line":36,"column":46}},"13":{"start":{"line":38,"column":12},"end":{"line":52,"column":13}},"14":{"start":{"line":39,"column":16},"end":{"line":43,"column":17}},"15":{"start":{"line":40,"column":20},"end":{"line":40,"column":56}},"16":{"start":{"line":41,"column":20},"end":{"line":41,"column":44}},"17":{"start":{"line":42,"column":20},"end":{"line":42,"column":63}},"18":{"start":{"line":45,"column":16},"end":{"line":51,"column":17}},"19":{"start":{"line":46,"column":20},"end":{"line":46,"column":86}},"20":{"start":{"line":48,"column":20},"end":{"line":50,"column":21}},"21":{"start":{"line":49,"column":24},"end":{"line":49,"column":51}}},"branchMap":{"1":{"line":11,"type":"if","locations":[{"start":{"line":11,"column":4},"end":{"line":11,"column":4}},{"start":{"line":11,"column":4},"end":{"line":11,"column":4}}]},"2":{"line":14,"type":"if","locations":[{"start":{"line":14,"column":11},"end":{"line":14,"column":11}},{"start":{"line":14,"column":11},"end":{"line":14,"column":11}}]},"3":{"line":14,"type":"binary-expr","locations":[{"start":{"line":14,"column":15},"end":{"line":14,"column":43}},{"start":{"line":14,"column":47},"end":{"line":14,"column":57}}]},"4":{"line":29,"type":"if","locations":[{"start":{"line":29,"column":8},"end":{"line":29,"column":8}},{"start":{"line":29,"column":8},"end":{"line":29,"column":8}}]},"5":{"line":29,"type":"binary-expr","locations":[{"start":{"line":29,"column":12},"end":{"line":29,"column":17}},{"start":{"line":29,"column":21},"end":{"line":29,"column":33}}]},"6":{"line":38,"type":"if","locations":[{"start":{"line":38,"column":12},"end":{"line":38,"column":12}},{"start":{"line":38,"column":12},"end":{"line":38,"column":12}}]},"7":{"line":39,"type":"if","locations":[{"start":{"line":39,"column":16},"end":{"line":39,"column":16}},{"start":{"line":39,"column":16},"end":{"line":39,"column":16}}]},"8":{"line":45,"type":"if","locations":[{"start":{"line":45,"column":16},"end":{"line":45,"column":16}},{"start":{"line":45,"column":16},"end":{"line":45,"column":16}}]},"9":{"line":45,"type":"binary-expr","locations":[{"start":{"line":45,"column":20},"end":{"line":45,"column":47}},{"start":{"line":45,"column":51},"end":{"line":45,"column":88}}]},"10":{"line":48,"type":"if","locations":[{"start":{"line":48,"column":20},"end":{"line":48,"column":20}},{"start":{"line":48,"column":20},"end":{"line":48,"column":20}}]}},"code":["/*!"," * Pikaday jQuery plugin."," *"," * Copyright © 2013 David Bushell | BSD & MIT license | https://github.com/dbushell/Pikaday"," */","","(function (root, factory)","{","    'use strict';","","    if (typeof exports === 'object') {","        // CommonJS module","        factory(require('jquery'), require('../pikaday'));","    } else if (typeof define === 'function' && define.amd) {","        // AMD. Register as an anonymous module.","        define(['jquery', 'pikaday'], factory);","    } else {","        // Browser globals","        factory(root.jQuery, root.Pikaday);","    }","}(this, function ($, Pikaday)","{","    'use strict';","","    $.fn.pikaday = function()","    {","        var args = arguments;","","        if (!args || !args.length) {","            args = [{ }];","        }","","        return this.each(function()","        {","            var self   = $(this),","                plugin = self.data('pikaday');","","            if (!(plugin instanceof Pikaday)) {","                if (typeof args[0] === 'object') {","                    var options = $.extend({}, args[0]);","                    options.field = self[0];","                    self.data('pikaday', new Pikaday(options));","                }","            } else {","                if (typeof args[0] === 'string' && typeof plugin[args[0]] === 'function') {","                    plugin[args[0]].apply(plugin, Array.prototype.slice.call(args,1));","","                    if (args[0] === 'destroy') {","                        self.removeData('pikaday');","                    }","                }","            }","        });","    };","","}));",""],"l":{"7":2,"11":2,"13":2,"14":0,"16":0,"19":0,"25":0,"27":0,"29":0,"30":0,"33":0,"35":0,"38":0,"39":0,"40":0,"41":0,"42":0,"45":0,"46":0,"48":0,"49":0}}}